time="2026-02-18T14:46:48+08:00" level=warning msg="C:\\Users\\USER\\Documents\\Software Design\\Valid8-Attendance-Recognition-System\\VALID8_DOCKER_FINAL\\docker-compose.yml: the attribute `version` is obsolete, it will be ignored, please remove it to avoid potential confusion"
#1 [internal] load local bake definitions
#1 reading from stdin 1.33kB 0.0s done
#1 DONE 0.0s

#2 [backend internal] load build definition from Dockerfile
#2 transferring dockerfile: 825B 0.0s done
#2 DONE 0.0s

#3 [frontend internal] load build definition from Dockerfile
#3 transferring dockerfile: 461B 0.0s done
#3 DONE 0.0s

#4 [frontend internal] load metadata for docker.io/library/node:20
#4 DONE 1.5s

#5 [backend internal] load metadata for docker.io/library/python:3.10-slim
#5 ...

#6 [frontend internal] load .dockerignore
#6 transferring context: 118B 0.0s done
#6 DONE 0.0s

#7 [frontend internal] load build context
#7 transferring context: 5.05kB 0.0s done
#7 DONE 0.0s

#5 [backend internal] load metadata for docker.io/library/python:3.10-slim
#5 DONE 1.7s

#8 [frontend 1/5] FROM docker.io/library/node:20@sha256:94a5714e6b243bf37a1767e637996302fadd9443327f5bdbf0179758fe70cacd
#8 resolve docker.io/library/node:20@sha256:94a5714e6b243bf37a1767e637996302fadd9443327f5bdbf0179758fe70cacd 0.1s done
#8 DONE 0.1s

#9 [backend internal] load .dockerignore
#9 transferring context: 2B done
#9 DONE 0.0s

#10 [frontend 2/5] WORKDIR /app
#10 CACHED

#11 [frontend 3/5] COPY package.json package-lock.json ./
#11 CACHED

#12 [frontend 4/5] RUN npm install
#12 CACHED

#13 [frontend 5/5] COPY . .
#13 CACHED

#14 [frontend] exporting to image
#14 exporting layers 0.0s done
#14 exporting manifest sha256:701f1c92321967dbca9d2db9f7e9e7353087acc2920a3a501097f4e48e43b8ce done
#14 exporting config sha256:560eb1668084b70ae45313f9f6844b07f78c7707bd2471e1b8ba83aa9f2ed38f 0.0s done
#14 exporting attestation manifest sha256:9a416a02dc77b9ef4c7fec953cc424286af44180f66fa10f9ecaf09df01fd2d7
#14 ...

#15 [backend 1/6] FROM docker.io/library/python:3.10-slim@sha256:e508a34e5491225a76fbb9e0f43ebde1f691c6a689d096d7510cf7fb17d4ba6f
#15 resolve docker.io/library/python:3.10-slim@sha256:e508a34e5491225a76fbb9e0f43ebde1f691c6a689d096d7510cf7fb17d4ba6f 0.1s done
#15 DONE 0.1s

#14 [frontend] exporting to image
#14 exporting attestation manifest sha256:9a416a02dc77b9ef4c7fec953cc424286af44180f66fa10f9ecaf09df01fd2d7 0.1s done
#14 exporting manifest list sha256:c14775123def37819d3e4f84740e060abe5ba36f3ba94eb17b31f829856eca84 0.0s done
#14 naming to docker.io/library/valid8_docker_final-frontend:latest
#14 naming to docker.io/library/valid8_docker_final-frontend:latest done
#14 unpacking to docker.io/library/valid8_docker_final-frontend:latest 0.0s done
#14 DONE 0.3s

#16 [backend internal] load build context
#16 transferring context: 95.00kB 0.2s done
#16 DONE 0.2s

#17 [backend 2/6] WORKDIR /app
#17 CACHED

#18 [backend 3/6] RUN apt-get update && apt-get install -y     cmake     build-essential     libglib2.0-0     libsm6     libxext6     libxrender-dev     && rm -rf /var/lib/apt/lists/*
#18 CACHED

#19 [backend 4/6] COPY requirements.txt .
#19 DONE 0.1s

#20 [backend 5/6] RUN pip install --default-timeout=100 --no-cache-dir -r requirements.txt
#20 ...

#21 [frontend] resolving provenance for metadata file
#21 DONE 0.0s

#20 [backend 5/6] RUN pip install --default-timeout=100 --no-cache-dir -r requirements.txt
#20 5.036 Collecting alembic==1.15.2
#20 5.781   Downloading alembic-1.15.2-py3-none-any.whl (231 kB)
#20 6.164      ΓöüΓöüΓöüΓöüΓöüΓöüΓöüΓöüΓöüΓöüΓöüΓöüΓöüΓöüΓöüΓöüΓöüΓöüΓöüΓöüΓöüΓöüΓöüΓöüΓöüΓöüΓöüΓöüΓöüΓöüΓöüΓöüΓöüΓöüΓöüΓöüΓöü 231.9/231.9 kB 616.8 kB/s eta 0:00:00
#20 6.307 Collecting annotated-types==0.7.0
#20 6.418   Downloading annotated_types-0.7.0-py3-none-any.whl (13 kB)
#20 6.631 Collecting anyio==4.9.0
#20 6.759   Downloading anyio-4.9.0-py3-none-any.whl (100 kB)
#20 6.840      ΓöüΓöüΓöüΓöüΓöüΓöüΓöüΓöüΓöüΓöüΓöüΓöüΓöüΓöüΓöüΓöüΓöüΓöüΓöüΓöüΓöüΓöüΓöüΓöüΓöüΓöüΓöüΓöüΓöüΓöüΓöüΓöüΓöüΓöüΓöüΓöüΓöüΓöüΓöü 100.9/100.9 kB 1.6 MB/s eta 0:00:00
#20 7.192 Collecting bcrypt==4.1.2
#20 7.302   Downloading bcrypt-4.1.2-cp39-abi3-manylinux_2_28_x86_64.whl (698 kB)
#20 7.517      ΓöüΓöüΓöüΓöüΓöüΓöüΓöüΓöüΓöüΓöüΓöüΓöüΓöüΓöüΓöüΓöüΓöüΓöüΓöüΓöüΓöüΓöüΓöüΓöüΓöüΓöüΓöüΓöüΓöüΓöüΓöüΓöüΓöüΓöüΓöüΓöüΓöüΓöüΓöü 698.9/698.9 kB 3.3 MB/s eta 0:00:00
#20 8.124 Collecting cffi==1.16.0
#20 8.242   Downloading cffi-1.16.0-cp310-cp310-manylinux_2_17_x86_64.manylinux2014_x86_64.whl (443 kB)
#20 8.360      ΓöüΓöüΓöüΓöüΓöüΓöüΓöüΓöüΓöüΓöüΓöüΓöüΓöüΓöüΓöüΓöüΓöüΓöüΓöüΓöüΓöüΓöüΓöüΓöüΓöüΓöüΓöüΓöüΓöüΓöüΓöüΓöüΓöüΓöüΓöüΓöüΓöüΓöüΓöü 443.9/443.9 kB 4.3 MB/s eta 0:00:00
#20 8.612 Collecting click==8.1.7
#20 8.732   Downloading click-8.1.7-py3-none-any.whl (97 kB)
#20 8.823      ΓöüΓöüΓöüΓöüΓöüΓöüΓöüΓöüΓöüΓöüΓöüΓöüΓöüΓöüΓöüΓöüΓöüΓöüΓöüΓöüΓöüΓöüΓöüΓöüΓöüΓöüΓöüΓöüΓöüΓöüΓöüΓöüΓöüΓöüΓöüΓöüΓöüΓöüΓöüΓöü 97.9/97.9 kB 1.4 MB/s eta 0:00:00
#20 9.085 Collecting colorama==0.4.6
#20 9.196   Downloading colorama-0.4.6-py2.py3-none-any.whl (25 kB)
#20 14.10 Collecting coverage==7.5.3
#20 14.29   Downloading coverage-7.5.3-cp310-cp310-manylinux_2_5_x86_64.manylinux1_x86_64.manylinux_2_17_x86_64.manylinux2014_x86_64.whl (231 kB)
#20 14.33      ΓöüΓöüΓöüΓöüΓöüΓöüΓöüΓöüΓöüΓöüΓöüΓöüΓöüΓöüΓöüΓöüΓöüΓöüΓöüΓöüΓöüΓöüΓöüΓöüΓöüΓöüΓöüΓöüΓöüΓöüΓöüΓöüΓöüΓöüΓöüΓöüΓöüΓöü 231.6/231.6 kB 10.7 MB/s eta 0:00:00
#20 15.10 Collecting cryptography==42.0.5
#20 15.24   Downloading cryptography-42.0.5-cp39-abi3-manylinux_2_28_x86_64.whl (4.6 MB)
#20 16.21      ΓöüΓöüΓöüΓöüΓöüΓöüΓöüΓöüΓöüΓöüΓöüΓöüΓöüΓöüΓöüΓöüΓöüΓöüΓöüΓöüΓöüΓöüΓöüΓöüΓöüΓöüΓöüΓöüΓöüΓöüΓöüΓöüΓöüΓöüΓöüΓöüΓöüΓöüΓöüΓöü 4.6/4.6 MB 4.8 MB/s eta 0:00:00
#20 16.49 Collecting dlib==19.24.2
#20 16.67   Downloading dlib-19.24.2.tar.gz (11.8 MB)
#20 18.16      ΓöüΓöüΓöüΓöüΓöüΓöüΓöüΓöüΓöüΓöüΓöüΓöüΓöüΓöüΓöüΓöüΓöüΓöüΓöüΓöüΓöüΓöüΓöüΓöüΓöüΓöüΓöüΓöüΓöüΓöüΓöüΓöüΓöüΓöüΓöüΓöüΓöüΓöüΓöüΓöü 11.8/11.8 MB 8.5 MB/s eta 0:00:00
#20 19.49   Installing build dependencies: started
#20 31.70   Installing build dependencies: finished with status 'done'
#20 31.70   Getting requirements to build wheel: started
#20 32.20   Getting requirements to build wheel: finished with status 'done'
#20 32.21   Preparing metadata (pyproject.toml): started
#20 32.80   Preparing metadata (pyproject.toml): finished with status 'done'
#20 32.97 Collecting dnspython==2.6.1
#20 33.08   Downloading dnspython-2.6.1-py3-none-any.whl (307 kB)
#20 33.15      ΓöüΓöüΓöüΓöüΓöüΓöüΓöüΓöüΓöüΓöüΓöüΓöüΓöüΓöüΓöüΓöüΓöüΓöüΓöüΓöüΓöüΓöüΓöüΓöüΓöüΓöüΓöüΓöüΓöüΓöüΓöüΓöüΓöüΓöüΓöüΓöüΓöüΓöüΓöü 307.7/307.7 kB 4.5 MB/s eta 0:00:00
#20 33.40 Collecting ecdsa==0.19.0
#20 33.52   Downloading ecdsa-0.19.0-py2.py3-none-any.whl (149 kB)
#20 33.54      ΓöüΓöüΓöüΓöüΓöüΓöüΓöüΓöüΓöüΓöüΓöüΓöüΓöüΓöüΓöüΓöüΓöüΓöüΓöüΓöüΓöüΓöüΓöüΓöüΓöüΓöüΓöüΓöüΓöüΓöüΓöüΓöüΓöüΓöüΓöüΓöüΓöüΓöüΓöü 149.3/149.3 kB 8.7 MB/s eta 0:00:00
#20 33.78 Collecting email_validator==2.1.1
#20 33.90   Downloading email_validator-2.1.1-py3-none-any.whl (30 kB)
#20 34.19 Collecting face-recognition==1.3.0
#20 34.30   Downloading face_recognition-1.3.0-py2.py3-none-any.whl (15 kB)
#20 34.41 Collecting face_recognition_models==0.3.0
#20 34.52   Downloading face_recognition_models-0.3.0.tar.gz (100.1 MB)
#20 46.90      ΓöüΓöüΓöüΓöüΓöüΓöüΓöüΓöüΓöüΓöüΓöüΓöüΓöüΓöüΓöüΓöüΓöüΓöüΓöüΓöüΓöüΓöüΓöüΓöüΓöüΓöüΓöüΓöüΓöüΓöüΓöüΓöüΓöüΓöüΓöüΓöüΓöüΓöüΓöü 100.1/100.1 MB 6.8 MB/s eta 0:00:00
#20 51.30   Preparing metadata (setup.py): started
#20 53.04   Preparing metadata (setup.py): finished with status 'done'
#20 53.34 Collecting deepface==0.0.79
#20 53.47   Downloading deepface-0.0.79-py3-none-any.whl (49 kB)
#20 53.56      ΓöüΓöüΓöüΓöüΓöüΓöüΓöüΓöüΓöüΓöüΓöüΓöüΓöüΓöüΓöüΓöüΓöüΓöüΓöüΓöüΓöüΓöüΓöüΓöüΓöüΓöüΓöüΓöüΓöüΓöüΓöüΓöüΓöüΓöüΓöüΓöüΓöüΓöüΓöü 49.6/49.6 kB 445.4 kB/s eta 0:00:00
#20 53.98 Collecting opencv-python==4.10.0.84
#20 54.10   Downloading opencv_python-4.10.0.84-cp37-abi3-manylinux_2_17_x86_64.manylinux2014_x86_64.whl (62.5 MB)
#20 60.70      ΓöüΓöüΓöüΓöüΓöüΓöüΓöüΓöüΓöüΓöüΓöüΓöüΓöüΓöüΓöüΓöüΓöüΓöüΓöüΓöüΓöüΓöüΓöüΓöüΓöüΓöüΓöüΓöüΓöüΓöüΓöüΓöüΓöüΓöüΓöüΓöüΓöüΓöüΓöüΓöü 62.5/62.5 MB 9.5 MB/s eta 0:00:00
#20 61.29 Collecting fastapi==0.110.0
#20 61.42   Downloading fastapi-0.110.0-py3-none-any.whl (92 kB)
#20 61.47      ΓöüΓöüΓöüΓöüΓöüΓöüΓöüΓöüΓöüΓöüΓöüΓöüΓöüΓöüΓöüΓöüΓöüΓöüΓöüΓöüΓöüΓöüΓöüΓöüΓöüΓöüΓöüΓöüΓöüΓöüΓöüΓöüΓöüΓöüΓöüΓöüΓöüΓöüΓöüΓöü 92.1/92.1 kB 1.7 MB/s eta 0:00:00
#20 62.10 Collecting greenlet==3.0.3
#20 62.23   Downloading greenlet-3.0.3-cp310-cp310-manylinux_2_24_x86_64.manylinux_2_28_x86_64.whl (616 kB)
#20 62.35      ΓöüΓöüΓöüΓöüΓöüΓöüΓöüΓöüΓöüΓöüΓöüΓöüΓöüΓöüΓöüΓöüΓöüΓöüΓöüΓöüΓöüΓöüΓöüΓöüΓöüΓöüΓöüΓöüΓöüΓöüΓöüΓöüΓöüΓöüΓöüΓöüΓöüΓöüΓöü 616.0/616.0 kB 8.0 MB/s eta 0:00:00
#20 62.58 Collecting h11==0.14.0
#20 62.70   Downloading h11-0.14.0-py3-none-any.whl (58 kB)
#20 62.80      ΓöüΓöüΓöüΓöüΓöüΓöüΓöüΓöüΓöüΓöüΓöüΓöüΓöüΓöüΓöüΓöüΓöüΓöüΓöüΓöüΓöüΓöüΓöüΓöüΓöüΓöüΓöüΓöüΓöüΓöüΓöüΓöüΓöüΓöüΓöüΓöüΓöüΓöüΓöü 58.3/58.3 kB 942.5 kB/s eta 0:00:00
#20 62.96 Collecting idna==3.7
#20 63.08   Downloading idna-3.7-py3-none-any.whl (66 kB)
#20 63.18      ΓöüΓöüΓöüΓöüΓöüΓöüΓöüΓöüΓöüΓöüΓöüΓöüΓöüΓöüΓöüΓöüΓöüΓöüΓöüΓöüΓöüΓöüΓöüΓöüΓöüΓöüΓöüΓöüΓöüΓöüΓöüΓöüΓöüΓöüΓöüΓöüΓöüΓöüΓöü 66.8/66.8 kB 690.5 kB/s eta 0:00:00
#20 63.30 Collecting iniconfig==2.0.0
#20 63.43   Downloading iniconfig-2.0.0-py3-none-any.whl (5.9 kB)
#20 63.58 Collecting Mako==1.3.5
#20 63.69   Downloading Mako-1.3.5-py3-none-any.whl (78 kB)
#20 63.78      ΓöüΓöüΓöüΓöüΓöüΓöüΓöüΓöüΓöüΓöüΓöüΓöüΓöüΓöüΓöüΓöüΓöüΓöüΓöüΓöüΓöüΓöüΓöüΓöüΓöüΓöüΓöüΓöüΓöüΓöüΓöüΓöüΓöüΓöüΓöüΓöüΓöüΓöüΓöü 78.6/78.6 kB 780.9 kB/s eta 0:00:00
#20 64.15 Collecting MarkupSafe==2.1.5
#20 64.28   Downloading MarkupSafe-2.1.5-cp310-cp310-manylinux_2_17_x86_64.manylinux2014_x86_64.whl (25 kB)
#20 66.03 Collecting numpy==1.26.4
#20 66.16   Downloading numpy-1.26.4-cp310-cp310-manylinux_2_17_x86_64.manylinux2014_x86_64.whl (18.2 MB)
#20 68.65      ΓöüΓöüΓöüΓöüΓöüΓöüΓöüΓöüΓöüΓöüΓöüΓöüΓöüΓöüΓöüΓöüΓöüΓöüΓöüΓöüΓöüΓöüΓöüΓöüΓöüΓöüΓöüΓöüΓöüΓöüΓöüΓöüΓöüΓöüΓöüΓöüΓöüΓöüΓöüΓöü 18.2/18.2 MB 6.6 MB/s eta 0:00:00
#20 68.93 Collecting packaging==24.0
#20 69.05   Downloading packaging-24.0-py3-none-any.whl (53 kB)
#20 69.07      ΓöüΓöüΓöüΓöüΓöüΓöüΓöüΓöüΓöüΓöüΓöüΓöüΓöüΓöüΓöüΓöüΓöüΓöüΓöüΓöüΓöüΓöüΓöüΓöüΓöüΓöüΓöüΓöüΓöüΓöüΓöüΓöüΓöüΓöüΓöüΓöüΓöüΓöüΓöüΓöü 53.5/53.5 kB 6.1 MB/s eta 0:00:00
#20 69.23 Collecting passlib==1.7.4
#20 69.36   Downloading passlib-1.7.4-py2.py3-none-any.whl (525 kB)
#20 69.45      ΓöüΓöüΓöüΓöüΓöüΓöüΓöüΓöüΓöüΓöüΓöüΓöüΓöüΓöüΓöüΓöüΓöüΓöüΓöüΓöüΓöüΓöüΓöüΓöüΓöüΓöüΓöüΓöüΓöüΓöüΓöüΓöüΓöüΓöüΓöüΓöüΓöüΓöüΓöü 525.6/525.6 kB 7.8 MB/s eta 0:00:00
#20 70.44 Collecting pillow==10.3.0
#20 70.57   Downloading pillow-10.3.0-cp310-cp310-manylinux_2_28_x86_64.whl (4.5 MB)
#20 71.18      ΓöüΓöüΓöüΓöüΓöüΓöüΓöüΓöüΓöüΓöüΓöüΓöüΓöüΓöüΓöüΓöüΓöüΓöüΓöüΓöüΓöüΓöüΓöüΓöüΓöüΓöüΓöüΓöüΓöüΓöüΓöüΓöüΓöüΓöüΓöüΓöüΓöüΓöüΓöüΓöü 4.5/4.5 MB 7.7 MB/s eta 0:00:00
#20 71.45 Collecting pluggy==1.5.0
#20 71.58   Downloading pluggy-1.5.0-py3-none-any.whl (20 kB)
#20 72.10 Collecting psycopg2-binary==2.9.9
#20 72.22   Downloading psycopg2_binary-2.9.9-cp310-cp310-manylinux_2_17_x86_64.manylinux2014_x86_64.whl (3.0 MB)
#20 73.01      ΓöüΓöüΓöüΓöüΓöüΓöüΓöüΓöüΓöüΓöüΓöüΓöüΓöüΓöüΓöüΓöüΓöüΓöüΓöüΓöüΓöüΓöüΓöüΓöüΓöüΓöüΓöüΓöüΓöüΓöüΓöüΓöüΓöüΓöüΓöüΓöüΓöüΓöüΓöüΓöü 3.0/3.0 MB 4.0 MB/s eta 0:00:00
#20 73.21 Collecting pyasn1==0.4.8
#20 73.33   Downloading pyasn1-0.4.8-py2.py3-none-any.whl (77 kB)
#20 73.35      ΓöüΓöüΓöüΓöüΓöüΓöüΓöüΓöüΓöüΓöüΓöüΓöüΓöüΓöüΓöüΓöüΓöüΓöüΓöüΓöüΓöüΓöüΓöüΓöüΓöüΓöüΓöüΓöüΓöüΓöüΓöüΓöüΓöüΓöüΓöüΓöüΓöüΓöüΓöüΓöü 77.1/77.1 kB 4.6 MB/s eta 0:00:00
#20 73.48 Collecting pycparser==2.21
#20 73.60   Downloading pycparser-2.21-py2.py3-none-any.whl (118 kB)
#20 73.71      ΓöüΓöüΓöüΓöüΓöüΓöüΓöüΓöüΓöüΓöüΓöüΓöüΓöüΓöüΓöüΓöüΓöüΓöüΓöüΓöüΓöüΓöüΓöüΓöüΓöüΓöüΓöüΓöüΓöüΓöüΓöüΓöüΓöüΓöüΓöüΓöüΓöüΓöüΓöü 118.7/118.7 kB 1.2 MB/s eta 0:00:00
#20 74.37 Collecting pydantic==2.6.4
#20 74.51   Downloading pydantic-2.6.4-py3-none-any.whl (394 kB)
#20 74.70      ΓöüΓöüΓöüΓöüΓöüΓöüΓöüΓöüΓöüΓöüΓöüΓöüΓöüΓöüΓöüΓöüΓöüΓöüΓöüΓöüΓöüΓöüΓöüΓöüΓöüΓöüΓöüΓöüΓöüΓöüΓöüΓöüΓöüΓöüΓöüΓöüΓöüΓöüΓöü 394.9/394.9 kB 2.9 MB/s eta 0:00:00
#20 80.45 Collecting pydantic_core==2.16.3
#20 80.58   Downloading pydantic_core-2.16.3-cp310-cp310-manylinux_2_17_x86_64.manylinux2014_x86_64.whl (2.2 MB)
#20 81.71      ΓöüΓöüΓöüΓöüΓöüΓöüΓöüΓöüΓöüΓöüΓöüΓöüΓöüΓöüΓöüΓöüΓöüΓöüΓöüΓöüΓöüΓöüΓöüΓöüΓöüΓöüΓöüΓöüΓöüΓöüΓöüΓöüΓöüΓöüΓöüΓöüΓöüΓöüΓöüΓöü 2.2/2.2 MB 2.0 MB/s eta 0:00:00
#20 82.04 Collecting pytest==8.2.0
#20 82.16   Downloading pytest-8.2.0-py3-none-any.whl (339 kB)
#20 82.28      ΓöüΓöüΓöüΓöüΓöüΓöüΓöüΓöüΓöüΓöüΓöüΓöüΓöüΓöüΓöüΓöüΓöüΓöüΓöüΓöüΓöüΓöüΓöüΓöüΓöüΓöüΓöüΓöüΓöüΓöüΓöüΓöüΓöüΓöüΓöüΓöüΓöüΓöüΓöü 339.2/339.2 kB 4.3 MB/s eta 0:00:00
#20 82.59 Collecting pytest-cov==5.0.0
#20 82.71   Downloading pytest_cov-5.0.0-py3-none-any.whl (21 kB)
#20 83.06 Collecting python-dotenv==1.0.1
#20 83.17   Downloading python_dotenv-1.0.1-py3-none-any.whl (19 kB)
#20 83.39 Collecting python-jose==3.3.0
#20 83.51   Downloading python_jose-3.3.0-py2.py3-none-any.whl (33 kB)
#20 83.71 Collecting python-multipart==0.0.9
#20 83.85   Downloading python_multipart-0.0.9-py3-none-any.whl (22 kB)
#20 84.19 Collecting rsa==4.9
#20 84.30   Downloading rsa-4.9-py3-none-any.whl (34 kB)
#20 84.62 Collecting six==1.16.0
#20 84.73   Downloading six-1.16.0-py2.py3-none-any.whl (11 kB)
#20 84.89 Collecting sniffio==1.3.0
#20 85.02   Downloading sniffio-1.3.0-py3-none-any.whl (10 kB)
#20 86.34 Collecting SQLAlchemy==2.0.29
#20 86.45   Downloading SQLAlchemy-2.0.29-cp310-cp310-manylinux_2_17_x86_64.manylinux2014_x86_64.whl (3.1 MB)
#20 87.54      ΓöüΓöüΓöüΓöüΓöüΓöüΓöüΓöüΓöüΓöüΓöüΓöüΓöüΓöüΓöüΓöüΓöüΓöüΓöüΓöüΓöüΓöüΓöüΓöüΓöüΓöüΓöüΓöüΓöüΓöüΓöüΓöüΓöüΓöüΓöüΓöüΓöüΓöüΓöüΓöü 3.1/3.1 MB 2.8 MB/s eta 0:00:00
#20 87.70 Collecting SQLAlchemy-Utils==0.41.1
#20 87.82   Downloading SQLAlchemy_Utils-0.41.1-py3-none-any.whl (92 kB)
#20 87.91      ΓöüΓöüΓöüΓöüΓöüΓöüΓöüΓöüΓöüΓöüΓöüΓöüΓöüΓöüΓöüΓöüΓöüΓöüΓöüΓöüΓöüΓöüΓöüΓöüΓöüΓöüΓöüΓöüΓöüΓöüΓöüΓöüΓöüΓöüΓöüΓöüΓöüΓöüΓöüΓöü 92.6/92.6 kB 1.2 MB/s eta 0:00:00
#20 88.18 Collecting starlette==0.36.3
#20 88.30   Downloading starlette-0.36.3-py3-none-any.whl (71 kB)
#20 88.39      ΓöüΓöüΓöüΓöüΓöüΓöüΓöüΓöüΓöüΓöüΓöüΓöüΓöüΓöüΓöüΓöüΓöüΓöüΓöüΓöüΓöüΓöüΓöüΓöüΓöüΓöüΓöüΓöüΓöüΓöüΓöüΓöüΓöüΓöüΓöüΓöüΓöüΓöüΓöüΓöü 71.5/71.5 kB 1.9 MB/s eta 0:00:00
#20 88.57 Collecting typing-inspection==0.4.0
#20 88.69   Downloading typing_inspection-0.4.0-py3-none-any.whl (14 kB)
#20 88.93 Collecting typing_extensions==4.12.0
#20 89.06   Downloading typing_extensions-4.12.0-py3-none-any.whl (37 kB)
#20 89.28 Collecting uvicorn==0.29.0
#20 89.42   Downloading uvicorn-0.29.0-py3-none-any.whl (60 kB)
#20 89.49      ΓöüΓöüΓöüΓöüΓöüΓöüΓöüΓöüΓöüΓöüΓöüΓöüΓöüΓöüΓöüΓöüΓöüΓöüΓöüΓöüΓöüΓöüΓöüΓöüΓöüΓöüΓöüΓöüΓöüΓöüΓöüΓöüΓöüΓöüΓöüΓöüΓöüΓöüΓöü 60.8/60.8 kB 967.4 kB/s eta 0:00:00
#20 89.81 Collecting exceptiongroup>=1.0.2
#20 89.93   Downloading exceptiongroup-1.3.1-py3-none-any.whl (16 kB)
#20 90.32 Collecting gdown>=3.10.1
#20 90.44   Downloading gdown-5.2.1-py3-none-any.whl (18 kB)
#20 90.64 Collecting gunicorn>=20.1.0
#20 90.77   Downloading gunicorn-25.1.0-py3-none-any.whl (197 kB)
#20 90.86      ΓöüΓöüΓöüΓöüΓöüΓöüΓöüΓöüΓöüΓöüΓöüΓöüΓöüΓöüΓöüΓöüΓöüΓöüΓöüΓöüΓöüΓöüΓöüΓöüΓöüΓöüΓöüΓöüΓöüΓöüΓöüΓöüΓöüΓöüΓöüΓöüΓöüΓöüΓöü 197.1/197.1 kB 2.4 MB/s eta 0:00:00
#20 91.32 Collecting tqdm>=4.30.0
#20 91.46   Downloading tqdm-4.67.3-py3-none-any.whl (78 kB)
#20 91.52      ΓöüΓöüΓöüΓöüΓöüΓöüΓöüΓöüΓöüΓöüΓöüΓöüΓöüΓöüΓöüΓöüΓöüΓöüΓöüΓöüΓöüΓöüΓöüΓöüΓöüΓöüΓöüΓöüΓöüΓöüΓöüΓöüΓöüΓöüΓöüΓöüΓöüΓöüΓöüΓöü 78.4/78.4 kB 1.4 MB/s eta 0:00:00
#20 92.08 Collecting pandas>=0.23.4
#20 92.20   Downloading pandas-2.3.3-cp310-cp310-manylinux_2_24_x86_64.manylinux_2_28_x86_64.whl (12.8 MB)
#20 94.82      ΓöüΓöüΓöüΓöüΓöüΓöüΓöüΓöüΓöüΓöüΓöüΓöüΓöüΓöüΓöüΓöüΓöüΓöüΓöüΓöüΓöüΓöüΓöüΓöüΓöüΓöüΓöüΓöüΓöüΓöüΓöüΓöüΓöüΓöüΓöüΓöüΓöüΓöüΓöüΓöü 12.8/12.8 MB 5.4 MB/s eta 0:00:00
#20 95.09 Collecting keras>=2.2.0
#20 95.21   Downloading keras-3.12.1-py3-none-any.whl (1.5 MB)
#20 95.57      ΓöüΓöüΓöüΓöüΓöüΓöüΓöüΓöüΓöüΓöüΓöüΓöüΓöüΓöüΓöüΓöüΓöüΓöüΓöüΓöüΓöüΓöüΓöüΓöüΓöüΓöüΓöüΓöüΓöüΓöüΓöüΓöüΓöüΓöüΓöüΓöüΓöüΓöüΓöüΓöü 1.5/1.5 MB 4.3 MB/s eta 0:00:00
#20 95.74 Collecting fire>=0.4.0
#20 95.86   Downloading fire-0.7.1-py3-none-any.whl (115 kB)
#20 95.89      ΓöüΓöüΓöüΓöüΓöüΓöüΓöüΓöüΓöüΓöüΓöüΓöüΓöüΓöüΓöüΓöüΓöüΓöüΓöüΓöüΓöüΓöüΓöüΓöüΓöüΓöüΓöüΓöüΓöüΓöüΓöüΓöüΓöüΓöüΓöüΓöüΓöüΓöüΓöü 115.9/115.9 kB 7.2 MB/s eta 0:00:00
#20 96.63 Collecting tensorflow>=1.9.0
#20 96.76   Downloading tensorflow-2.20.0-cp310-cp310-manylinux_2_17_x86_64.manylinux2014_x86_64.whl (620.4 MB)
#20 171.1      ΓöüΓöüΓöüΓöüΓöüΓöüΓöüΓöüΓöüΓöüΓöüΓöüΓöüΓöüΓöüΓöüΓöüΓöüΓöüΓöüΓöüΓöüΓöüΓöüΓöüΓöüΓöüΓöüΓöüΓöüΓöüΓöüΓöüΓöüΓöüΓöüΓöüΓöü 620.4/620.4 MB 12.3 MB/s eta 0:00:00
#20 173.6 Collecting mtcnn>=0.1.0
#20 173.7   Downloading mtcnn-1.0.0-py3-none-any.whl (1.9 MB)
#20 174.1      ΓöüΓöüΓöüΓöüΓöüΓöüΓöüΓöüΓöüΓöüΓöüΓöüΓöüΓöüΓöüΓöüΓöüΓöüΓöüΓöüΓöüΓöüΓöüΓöüΓöüΓöüΓöüΓöüΓöüΓöüΓöüΓöüΓöüΓöüΓöüΓöüΓöüΓöüΓöüΓöü 1.9/1.9 MB 5.7 MB/s eta 0:00:00
#20 174.3 Collecting Flask>=1.1.2
#20 174.5   Downloading flask-3.1.2-py3-none-any.whl (103 kB)
#20 174.6      ΓöüΓöüΓöüΓöüΓöüΓöüΓöüΓöüΓöüΓöüΓöüΓöüΓöüΓöüΓöüΓöüΓöüΓöüΓöüΓöüΓöüΓöüΓöüΓöüΓöüΓöüΓöüΓöüΓöüΓöüΓöüΓöüΓöüΓöüΓöüΓöüΓöüΓöüΓöü 103.3/103.3 kB 1.5 MB/s eta 0:00:00
#20 174.9 Collecting retina-face>=0.0.1
#20 175.0   Downloading retina_face-0.0.17-py3-none-any.whl (25 kB)
#20 175.8 Collecting tomli>=1
#20 175.9   Downloading tomli-2.4.0-py3-none-any.whl (14 kB)
#20 176.0 Collecting coverage[toml]>=5.2.1
#20 176.1   Downloading coverage-7.13.4-cp310-cp310-manylinux1_x86_64.manylinux_2_28_x86_64.manylinux_2_5_x86_64.whl (248 kB)
#20 176.3      ΓöüΓöüΓöüΓöüΓöüΓöüΓöüΓöüΓöüΓöüΓöüΓöüΓöüΓöüΓöüΓöüΓöüΓöüΓöüΓöüΓöüΓöüΓöüΓöüΓöüΓöüΓöüΓöüΓöüΓöüΓöüΓöüΓöüΓöüΓöüΓöüΓöüΓöüΓöü 248.2/248.2 kB 4.7 MB/s eta 0:00:00
#20 177.0   Downloading coverage-7.13.3-cp310-cp310-manylinux1_x86_64.manylinux_2_28_x86_64.manylinux_2_5_x86_64.whl (248 kB)
#20 177.0      ΓöüΓöüΓöüΓöüΓöüΓöüΓöüΓöüΓöüΓöüΓöüΓöüΓöüΓöüΓöüΓöüΓöüΓöüΓöüΓöüΓöüΓöüΓöüΓöüΓöüΓöüΓöüΓöüΓöüΓöüΓöüΓöüΓöüΓöüΓöüΓöüΓöüΓöüΓöü 248.2/248.2 kB 4.5 MB/s eta 0:00:00
#20 177.2   Downloading coverage-7.13.2-cp310-cp310-manylinux1_x86_64.manylinux_2_28_x86_64.manylinux_2_5_x86_64.whl (247 kB)
#20 177.3      ΓöüΓöüΓöüΓöüΓöüΓöüΓöüΓöüΓöüΓöüΓöüΓöüΓöüΓöüΓöüΓöüΓöüΓöüΓöüΓöüΓöüΓöüΓöüΓöüΓöüΓöüΓöüΓöüΓöüΓöüΓöüΓöüΓöüΓöüΓöüΓöüΓöüΓöüΓöü 247.9/247.9 kB 3.2 MB/s eta 0:00:00
#20 177.4   Downloading coverage-7.13.1-cp310-cp310-manylinux1_x86_64.manylinux_2_28_x86_64.manylinux_2_5_x86_64.whl (247 kB)
#20 177.5      ΓöüΓöüΓöüΓöüΓöüΓöüΓöüΓöüΓöüΓöüΓöüΓöüΓöüΓöüΓöüΓöüΓöüΓöüΓöüΓöüΓöüΓöüΓöüΓöüΓöüΓöüΓöüΓöüΓöüΓöüΓöüΓöüΓöüΓöüΓöüΓöüΓöüΓöüΓöü 247.7/247.7 kB 2.6 MB/s eta 0:00:00
#20 177.7   Downloading coverage-7.13.0-cp310-cp310-manylinux1_x86_64.manylinux_2_28_x86_64.manylinux_2_5_x86_64.whl (247 kB)
#20 177.8      ΓöüΓöüΓöüΓöüΓöüΓöüΓöüΓöüΓöüΓöüΓöüΓöüΓöüΓöüΓöüΓöüΓöüΓöüΓöüΓöüΓöüΓöüΓöüΓöüΓöüΓöüΓöüΓöüΓöüΓöüΓöüΓöüΓöüΓöüΓöüΓöüΓöüΓöüΓöü 247.1/247.1 kB 2.0 MB/s eta 0:00:00
#20 178.0   Downloading coverage-7.12.0-cp310-cp310-manylinux1_x86_64.manylinux_2_28_x86_64.manylinux_2_5_x86_64.whl (246 kB)
#20 178.1      ΓöüΓöüΓöüΓöüΓöüΓöüΓöüΓöüΓöüΓöüΓöüΓöüΓöüΓöüΓöüΓöüΓöüΓöüΓöüΓöüΓöüΓöüΓöüΓöüΓöüΓöüΓöüΓöüΓöüΓöüΓöüΓöüΓöüΓöüΓöüΓöüΓöüΓöüΓöü 246.5/246.5 kB 2.2 MB/s eta 0:00:00
#20 178.2   Downloading coverage-7.11.3-cp310-cp310-manylinux1_x86_64.manylinux_2_28_x86_64.manylinux_2_5_x86_64.whl (245 kB)
#20 178.3      ΓöüΓöüΓöüΓöüΓöüΓöüΓöüΓöüΓöüΓöüΓöüΓöüΓöüΓöüΓöüΓöüΓöüΓöüΓöüΓöüΓöüΓöüΓöüΓöüΓöüΓöüΓöüΓöüΓöüΓöüΓöüΓöüΓöüΓöüΓöüΓöüΓöüΓöüΓöü 245.5/245.5 kB 5.4 MB/s eta 0:00:00
#20 178.5   Downloading coverage-7.11.2-cp310-cp310-manylinux1_x86_64.manylinux_2_28_x86_64.manylinux_2_5_x86_64.whl (245 kB)
#20 178.6      ΓöüΓöüΓöüΓöüΓöüΓöüΓöüΓöüΓöüΓöüΓöüΓöüΓöüΓöüΓöüΓöüΓöüΓöüΓöüΓöüΓöüΓöüΓöüΓöüΓöüΓöüΓöüΓöüΓöüΓöüΓöüΓöüΓöüΓöüΓöüΓöüΓöüΓöüΓöü 245.9/245.9 kB 4.4 MB/s eta 0:00:00
#20 178.7   Downloading coverage-7.11.1-cp310-cp310-manylinux1_x86_64.manylinux_2_28_x86_64.manylinux_2_5_x86_64.whl (245 kB)
#20 178.8      ΓöüΓöüΓöüΓöüΓöüΓöüΓöüΓöüΓöüΓöüΓöüΓöüΓöüΓöüΓöüΓöüΓöüΓöüΓöüΓöüΓöüΓöüΓöüΓöüΓöüΓöüΓöüΓöüΓöüΓöüΓöüΓöüΓöüΓöüΓöüΓöüΓöüΓöüΓöü 245.7/245.7 kB 4.1 MB/s eta 0:00:00
#20 178.9   Downloading coverage-7.11.0-cp310-cp310-manylinux1_x86_64.manylinux_2_28_x86_64.manylinux_2_5_x86_64.whl (244 kB)
#20 179.1      ΓöüΓöüΓöüΓöüΓöüΓöüΓöüΓöüΓöüΓöüΓöüΓöüΓöüΓöüΓöüΓöüΓöüΓöüΓöüΓöüΓöüΓöüΓöüΓöüΓöüΓöüΓöüΓöüΓöüΓöüΓöüΓöüΓöüΓöüΓöüΓöüΓöüΓöüΓöü 244.8/244.8 kB 1.7 MB/s eta 0:00:00
#20 179.2   Downloading coverage-7.10.7-cp310-cp310-manylinux1_x86_64.manylinux_2_28_x86_64.manylinux_2_5_x86_64.whl (246 kB)
#20 179.3      ΓöüΓöüΓöüΓöüΓöüΓöüΓöüΓöüΓöüΓöüΓöüΓöüΓöüΓöüΓöüΓöüΓöüΓöüΓöüΓöüΓöüΓöüΓöüΓöüΓöüΓöüΓöüΓöüΓöüΓöüΓöüΓöüΓöüΓöüΓöüΓöüΓöüΓöüΓöü 247.0/247.0 kB 3.9 MB/s eta 0:00:00
#20 179.4   Downloading coverage-7.10.6-cp310-cp310-manylinux1_x86_64.manylinux_2_28_x86_64.manylinux_2_5_x86_64.whl (245 kB)
#20 179.5      ΓöüΓöüΓöüΓöüΓöüΓöüΓöüΓöüΓöüΓöüΓöüΓöüΓöüΓöüΓöüΓöüΓöüΓöüΓöüΓöüΓöüΓöüΓöüΓöüΓöüΓöüΓöüΓöüΓöüΓöüΓöüΓöüΓöüΓöüΓöüΓöüΓöüΓöüΓöü 246.0/246.0 kB 3.1 MB/s eta 0:00:00
#20 179.6   Downloading coverage-7.10.5-cp310-cp310-manylinux1_x86_64.manylinux_2_28_x86_64.manylinux_2_5_x86_64.whl (245 kB)
#20 179.8      ΓöüΓöüΓöüΓöüΓöüΓöüΓöüΓöüΓöüΓöüΓöüΓöüΓöüΓöüΓöüΓöüΓöüΓöüΓöüΓöüΓöüΓöüΓöüΓöüΓöüΓöüΓöüΓöüΓöüΓöüΓöüΓöüΓöüΓöüΓöüΓöüΓöüΓöüΓöü 245.7/245.7 kB 2.7 MB/s eta 0:00:00
#20 179.9   Downloading coverage-7.10.4-cp310-cp310-manylinux1_x86_64.manylinux_2_28_x86_64.manylinux_2_5_x86_64.whl (245 kB)
#20 180.1      ΓöüΓöüΓöüΓöüΓöüΓöüΓöüΓöüΓöüΓöüΓöüΓöüΓöüΓöüΓöüΓöüΓöüΓöüΓöüΓöüΓöüΓöüΓöüΓöüΓöüΓöüΓöüΓöüΓöüΓöüΓöüΓöüΓöüΓöüΓöüΓöüΓöüΓöüΓöü 245.4/245.4 kB 1.3 MB/s eta 0:00:00
#20 180.2   Downloading coverage-7.10.3-cp310-cp310-manylinux1_x86_64.manylinux_2_28_x86_64.manylinux_2_5_x86_64.whl (244 kB)
#20 180.4      ΓöüΓöüΓöüΓöüΓöüΓöüΓöüΓöüΓöüΓöüΓöüΓöüΓöüΓöüΓöüΓöüΓöüΓöüΓöüΓöüΓöüΓöüΓöüΓöüΓöüΓöüΓöüΓöüΓöüΓöüΓöüΓöüΓöüΓöüΓöüΓöüΓöüΓöüΓöü 244.9/244.9 kB 2.2 MB/s eta 0:00:00
#20 180.5   Downloading coverage-7.10.2-cp310-cp310-manylinux1_x86_64.manylinux_2_28_x86_64.manylinux_2_5_x86_64.whl (243 kB)
#20 180.6      ΓöüΓöüΓöüΓöüΓöüΓöüΓöüΓöüΓöüΓöüΓöüΓöüΓöüΓöüΓöüΓöüΓöüΓöüΓöüΓöüΓöüΓöüΓöüΓöüΓöüΓöüΓöüΓöüΓöüΓöüΓöüΓöüΓöüΓöüΓöüΓöüΓöüΓöüΓöü 243.6/243.6 kB 3.6 MB/s eta 0:00:00
#20 180.8   Downloading coverage-7.10.1-cp310-cp310-manylinux1_x86_64.manylinux_2_28_x86_64.manylinux_2_5_x86_64.whl (243 kB)
#20 181.0      ΓöüΓöüΓöüΓöüΓöüΓöüΓöüΓöüΓöüΓöüΓöüΓöüΓöüΓöüΓöüΓöüΓöüΓöüΓöüΓöüΓöüΓöüΓöüΓöüΓöüΓöüΓöüΓöüΓöüΓöüΓöüΓöüΓöüΓöüΓöüΓöüΓöü 243.3/243.3 kB 912.6 kB/s eta 0:00:00
#20 181.2   Downloading coverage-7.10.0-cp310-cp310-manylinux1_x86_64.manylinux_2_28_x86_64.manylinux_2_5_x86_64.whl (243 kB)
#20 181.3      ΓöüΓöüΓöüΓöüΓöüΓöüΓöüΓöüΓöüΓöüΓöüΓöüΓöüΓöüΓöüΓöüΓöüΓöüΓöüΓöüΓöüΓöüΓöüΓöüΓöüΓöüΓöüΓöüΓöüΓöüΓöüΓöüΓöüΓöüΓöüΓöüΓöüΓöüΓöü 243.4/243.4 kB 3.1 MB/s eta 0:00:00
#20 181.4   Downloading coverage-7.9.2-cp310-cp310-manylinux_2_5_x86_64.manylinux1_x86_64.manylinux_2_17_x86_64.manylinux2014_x86_64.whl (240 kB)
#20 181.5      ΓöüΓöüΓöüΓöüΓöüΓöüΓöüΓöüΓöüΓöüΓöüΓöüΓöüΓöüΓöüΓöüΓöüΓöüΓöüΓöüΓöüΓöüΓöüΓöüΓöüΓöüΓöüΓöüΓöüΓöüΓöüΓöüΓöüΓöüΓöüΓöüΓöüΓöüΓöü 240.6/240.6 kB 4.7 MB/s eta 0:00:00
#20 181.7   Downloading coverage-7.9.1-cp310-cp310-manylinux_2_5_x86_64.manylinux1_x86_64.manylinux_2_17_x86_64.manylinux2014_x86_64.whl (240 kB)
#20 181.8      ΓöüΓöüΓöüΓöüΓöüΓöüΓöüΓöüΓöüΓöüΓöüΓöüΓöüΓöüΓöüΓöüΓöüΓöüΓöüΓöüΓöüΓöüΓöüΓöüΓöüΓöüΓöüΓöüΓöüΓöüΓöüΓöüΓöüΓöüΓöüΓöüΓöüΓöüΓöü 240.5/240.5 kB 6.4 MB/s eta 0:00:00
#20 181.9   Downloading coverage-7.9.0-cp310-cp310-manylinux_2_5_x86_64.manylinux1_x86_64.manylinux_2_17_x86_64.manylinux2014_x86_64.whl (240 kB)
#20 182.0      ΓöüΓöüΓöüΓöüΓöüΓöüΓöüΓöüΓöüΓöüΓöüΓöüΓöüΓöüΓöüΓöüΓöüΓöüΓöüΓöüΓöüΓöüΓöüΓöüΓöüΓöüΓöüΓöüΓöüΓöüΓöüΓöüΓöüΓöüΓöüΓöüΓöüΓöüΓöü 240.5/240.5 kB 3.3 MB/s eta 0:00:00
#20 182.2   Downloading coverage-7.8.2-cp310-cp310-manylinux_2_5_x86_64.manylinux1_x86_64.manylinux_2_17_x86_64.manylinux2014_x86_64.whl (240 kB)
#20 182.3      ΓöüΓöüΓöüΓöüΓöüΓöüΓöüΓöüΓöüΓöüΓöüΓöüΓöüΓöüΓöüΓöüΓöüΓöüΓöüΓöüΓöüΓöüΓöüΓöüΓöüΓöüΓöüΓöüΓöüΓöüΓöüΓöüΓöüΓöüΓöüΓöüΓöüΓöüΓöü 240.2/240.2 kB 2.6 MB/s eta 0:00:00
#20 182.4   Downloading coverage-7.8.1-cp310-cp310-manylinux_2_5_x86_64.manylinux1_x86_64.manylinux_2_17_x86_64.manylinux2014_x86_64.whl (240 kB)
#20 182.5      ΓöüΓöüΓöüΓöüΓöüΓöüΓöüΓöüΓöüΓöüΓöüΓöüΓöüΓöüΓöüΓöüΓöüΓöüΓöüΓöüΓöüΓöüΓöüΓöüΓöüΓöüΓöüΓöüΓöüΓöüΓöüΓöüΓöüΓöüΓöüΓöüΓöüΓöüΓöü 240.2/240.2 kB 3.8 MB/s eta 0:00:00
#20 182.7   Downloading coverage-7.8.0-cp310-cp310-manylinux_2_5_x86_64.manylinux1_x86_64.manylinux_2_17_x86_64.manylinux2014_x86_64.whl (239 kB)
#20 182.8      ΓöüΓöüΓöüΓöüΓöüΓöüΓöüΓöüΓöüΓöüΓöüΓöüΓöüΓöüΓöüΓöüΓöüΓöüΓöüΓöüΓöüΓöüΓöüΓöüΓöüΓöüΓöüΓöüΓöüΓöüΓöüΓöüΓöüΓöüΓöüΓöüΓöüΓöüΓöü 240.0/240.0 kB 3.9 MB/s eta 0:00:00
#20 182.9   Downloading coverage-7.7.1-cp310-cp310-manylinux_2_5_x86_64.manylinux1_x86_64.manylinux_2_17_x86_64.manylinux2014_x86_64.whl (239 kB)
#20 183.0      ΓöüΓöüΓöüΓöüΓöüΓöüΓöüΓöüΓöüΓöüΓöüΓöüΓöüΓöüΓöüΓöüΓöüΓöüΓöüΓöüΓöüΓöüΓöüΓöüΓöüΓöüΓöüΓöüΓöüΓöüΓöüΓöüΓöüΓöüΓöüΓöüΓöüΓöüΓöü 239.6/239.6 kB 3.0 MB/s eta 0:00:00
#20 183.2   Downloading coverage-7.7.0-cp310-cp310-manylinux_2_5_x86_64.manylinux1_x86_64.manylinux_2_17_x86_64.manylinux2014_x86_64.whl (239 kB)
#20 183.3      ΓöüΓöüΓöüΓöüΓöüΓöüΓöüΓöüΓöüΓöüΓöüΓöüΓöüΓöüΓöüΓöüΓöüΓöüΓöüΓöüΓöüΓöüΓöüΓöüΓöüΓöüΓöüΓöüΓöüΓöüΓöüΓöüΓöüΓöüΓöüΓöüΓöüΓöüΓöü 239.2/239.2 kB 2.3 MB/s eta 0:00:00
#20 183.4   Downloading coverage-7.6.12-cp310-cp310-manylinux_2_5_x86_64.manylinux1_x86_64.manylinux_2_17_x86_64.manylinux2014_x86_64.whl (236 kB)
#20 183.5      ΓöüΓöüΓöüΓöüΓöüΓöüΓöüΓöüΓöüΓöüΓöüΓöüΓöüΓöüΓöüΓöüΓöüΓöüΓöüΓöüΓöüΓöüΓöüΓöüΓöüΓöüΓöüΓöüΓöüΓöüΓöüΓöüΓöüΓöüΓöüΓöüΓöüΓöüΓöü 237.0/237.0 kB 2.9 MB/s eta 0:00:00
#20 183.6   Downloading coverage-7.6.11-cp310-cp310-manylinux_2_5_x86_64.manylinux1_x86_64.manylinux_2_17_x86_64.manylinux2014_x86_64.whl (236 kB)
#20 183.7      ΓöüΓöüΓöüΓöüΓöüΓöüΓöüΓöüΓöüΓöüΓöüΓöüΓöüΓöüΓöüΓöüΓöüΓöüΓöüΓöüΓöüΓöüΓöüΓöüΓöüΓöüΓöüΓöüΓöüΓöüΓöüΓöüΓöüΓöüΓöüΓöüΓöüΓöüΓöü 236.9/236.9 kB 2.4 MB/s eta 0:00:00
#20 183.9   Downloading coverage-7.6.10-cp310-cp310-manylinux_2_5_x86_64.manylinux1_x86_64.manylinux_2_17_x86_64.manylinux2014_x86_64.whl (235 kB)
#20 184.0      ΓöüΓöüΓöüΓöüΓöüΓöüΓöüΓöüΓöüΓöüΓöüΓöüΓöüΓöüΓöüΓöüΓöüΓöüΓöüΓöüΓöüΓöüΓöüΓöüΓöüΓöüΓöüΓöüΓöüΓöüΓöüΓöüΓöüΓöüΓöüΓöüΓöüΓöüΓöü 235.9/235.9 kB 2.4 MB/s eta 0:00:00
#20 184.1   Downloading coverage-7.6.9-cp310-cp310-manylinux_2_5_x86_64.manylinux1_x86_64.manylinux_2_17_x86_64.manylinux2014_x86_64.whl (234 kB)
#20 184.2      ΓöüΓöüΓöüΓöüΓöüΓöüΓöüΓöüΓöüΓöüΓöüΓöüΓöüΓöüΓöüΓöüΓöüΓöüΓöüΓöüΓöüΓöüΓöüΓöüΓöüΓöüΓöüΓöüΓöüΓöüΓöüΓöüΓöüΓöüΓöüΓöüΓöüΓöüΓöü 235.0/235.0 kB 2.5 MB/s eta 0:00:00
#20 184.4   Downloading coverage-7.6.8-cp310-cp310-manylinux_2_5_x86_64.manylinux1_x86_64.manylinux_2_17_x86_64.manylinux2014_x86_64.whl (234 kB)
#20 184.5      ΓöüΓöüΓöüΓöüΓöüΓöüΓöüΓöüΓöüΓöüΓöüΓöüΓöüΓöüΓöüΓöüΓöüΓöüΓöüΓöüΓöüΓöüΓöüΓöüΓöüΓöüΓöüΓöüΓöüΓöüΓöüΓöüΓöüΓöüΓöüΓöüΓöüΓöüΓöü 234.9/234.9 kB 1.9 MB/s eta 0:00:00
#20 184.6   Downloading coverage-7.6.7-cp310-cp310-manylinux_2_5_x86_64.manylinux1_x86_64.manylinux_2_17_x86_64.manylinux2014_x86_64.whl (234 kB)
#20 184.7      ΓöüΓöüΓöüΓöüΓöüΓöüΓöüΓöüΓöüΓöüΓöüΓöüΓöüΓöüΓöüΓöüΓöüΓöüΓöüΓöüΓöüΓöüΓöüΓöüΓöüΓöüΓöüΓöüΓöüΓöüΓöüΓöüΓöüΓöüΓöüΓöüΓöüΓöüΓöü 234.8/234.8 kB 5.4 MB/s eta 0:00:00
#20 184.9   Downloading coverage-7.6.6-cp310-cp310-manylinux_2_5_x86_64.manylinux1_x86_64.manylinux_2_17_x86_64.manylinux2014_x86_64.whl (234 kB)
#20 185.0      ΓöüΓöüΓöüΓöüΓöüΓöüΓöüΓöüΓöüΓöüΓöüΓöüΓöüΓöüΓöüΓöüΓöüΓöüΓöüΓöüΓöüΓöüΓöüΓöüΓöüΓöüΓöüΓöüΓöüΓöüΓöüΓöüΓöüΓöüΓöüΓöüΓöüΓöüΓöü 234.8/234.8 kB 3.2 MB/s eta 0:00:00
#20 185.1   Downloading coverage-7.6.5-cp310-cp310-manylinux_2_5_x86_64.manylinux1_x86_64.manylinux_2_17_x86_64.manylinux2014_x86_64.whl (234 kB)
#20 185.2      ΓöüΓöüΓöüΓöüΓöüΓöüΓöüΓöüΓöüΓöüΓöüΓöüΓöüΓöüΓöüΓöüΓöüΓöüΓöüΓöüΓöüΓöüΓöüΓöüΓöüΓöüΓöüΓöüΓöüΓöüΓöüΓöüΓöüΓöüΓöüΓöüΓöüΓöüΓöü 234.8/234.8 kB 2.6 MB/s eta 0:00:00
#20 185.3   Downloading coverage-7.6.4-cp310-cp310-manylinux_2_5_x86_64.manylinux1_x86_64.manylinux_2_17_x86_64.manylinux2014_x86_64.whl (234 kB)
#20 185.5      ΓöüΓöüΓöüΓöüΓöüΓöüΓöüΓöüΓöüΓöüΓöüΓöüΓöüΓöüΓöüΓöüΓöüΓöüΓöüΓöüΓöüΓöüΓöüΓöüΓöüΓöüΓöüΓöüΓöüΓöüΓöüΓöüΓöüΓöüΓöüΓöüΓöüΓöüΓöü 234.6/234.6 kB 2.2 MB/s eta 0:00:00
#20 185.6   Downloading coverage-7.6.3-cp310-cp310-manylinux_2_5_x86_64.manylinux1_x86_64.manylinux_2_17_x86_64.manylinux2014_x86_64.whl (234 kB)
#20 185.7      ΓöüΓöüΓöüΓöüΓöüΓöüΓöüΓöüΓöüΓöüΓöüΓöüΓöüΓöüΓöüΓöüΓöüΓöüΓöüΓöüΓöüΓöüΓöüΓöüΓöüΓöüΓöüΓöüΓöüΓöüΓöüΓöüΓöüΓöüΓöüΓöüΓöüΓöüΓöü 234.5/234.5 kB 3.6 MB/s eta 0:00:00
#20 185.9   Downloading coverage-7.6.2-cp310-cp310-manylinux_2_5_x86_64.manylinux1_x86_64.manylinux_2_17_x86_64.manylinux2014_x86_64.whl (234 kB)
#20 186.0      ΓöüΓöüΓöüΓöüΓöüΓöüΓöüΓöüΓöüΓöüΓöüΓöüΓöüΓöüΓöüΓöüΓöüΓöüΓöüΓöüΓöüΓöüΓöüΓöüΓöüΓöüΓöüΓöüΓöüΓöüΓöüΓöüΓöüΓöüΓöüΓöüΓöüΓöüΓöü 234.5/234.5 kB 2.3 MB/s eta 0:00:00
#20 186.1   Downloading coverage-7.6.1-cp310-cp310-manylinux_2_5_x86_64.manylinux1_x86_64.manylinux_2_17_x86_64.manylinux2014_x86_64.whl (234 kB)
#20 186.2      ΓöüΓöüΓöüΓöüΓöüΓöüΓöüΓöüΓöüΓöüΓöüΓöüΓöüΓöüΓöüΓöüΓöüΓöüΓöüΓöüΓöüΓöüΓöüΓöüΓöüΓöüΓöüΓöüΓöüΓöüΓöüΓöüΓöüΓöüΓöüΓöüΓöüΓöüΓöü 234.7/234.7 kB 3.9 MB/s eta 0:00:00
#20 186.4   Downloading coverage-7.6.0-cp310-cp310-manylinux_2_5_x86_64.manylinux1_x86_64.manylinux_2_17_x86_64.manylinux2014_x86_64.whl (233 kB)
#20 186.5      ΓöüΓöüΓöüΓöüΓöüΓöüΓöüΓöüΓöüΓöüΓöüΓöüΓöüΓöüΓöüΓöüΓöüΓöüΓöüΓöüΓöüΓöüΓöüΓöüΓöüΓöüΓöüΓöüΓöüΓöüΓöüΓöüΓöüΓöüΓöüΓöüΓöüΓöüΓöü 233.8/233.8 kB 2.8 MB/s eta 0:00:00
#20 186.6   Downloading coverage-7.5.4-cp310-cp310-manylinux_2_5_x86_64.manylinux1_x86_64.manylinux_2_17_x86_64.manylinux2014_x86_64.whl (233 kB)
#20 186.9      ΓöüΓöüΓöüΓöüΓöüΓöüΓöüΓöüΓöüΓöüΓöüΓöüΓöüΓöüΓöüΓöüΓöüΓöüΓöüΓöüΓöüΓöüΓöüΓöüΓöüΓöüΓöüΓöüΓöüΓöüΓöüΓöüΓöüΓöüΓöüΓöüΓöü 233.1/233.1 kB 978.2 kB/s eta 0:00:00
#20 188.1 Collecting termcolor
#20 188.3   Downloading termcolor-3.3.0-py3-none-any.whl (7.7 kB)
#20 189.5 Collecting blinker>=1.9.0
#20 189.6   Downloading blinker-1.9.0-py3-none-any.whl (8.5 kB)
#20 191.7 Collecting werkzeug>=3.1.0
#20 191.8   Downloading werkzeug-3.1.5-py3-none-any.whl (225 kB)
#20 191.9      ΓöüΓöüΓöüΓöüΓöüΓöüΓöüΓöüΓöüΓöüΓöüΓöüΓöüΓöüΓöüΓöüΓöüΓöüΓöüΓöüΓöüΓöüΓöüΓöüΓöüΓöüΓöüΓöüΓöüΓöüΓöüΓöüΓöüΓöüΓöüΓöüΓöüΓöüΓöü 225.0/225.0 kB 3.4 MB/s eta 0:00:00
#20 192.4 Collecting itsdangerous>=2.2.0
#20 192.5   Downloading itsdangerous-2.2.0-py3-none-any.whl (16 kB)
#20 193.3 Collecting jinja2>=3.1.2
#20 193.5   Downloading jinja2-3.1.6-py3-none-any.whl (134 kB)
#20 193.5      ΓöüΓöüΓöüΓöüΓöüΓöüΓöüΓöüΓöüΓöüΓöüΓöüΓöüΓöüΓöüΓöüΓöüΓöüΓöüΓöüΓöüΓöüΓöüΓöüΓöüΓöüΓöüΓöüΓöüΓöüΓöüΓöüΓöüΓöüΓöüΓöüΓöüΓöüΓöü 134.9/134.9 kB 2.1 MB/s eta 0:00:00
#20 194.3 Collecting beautifulsoup4
#20 194.4   Downloading beautifulsoup4-4.14.3-py3-none-any.whl (107 kB)
#20 194.4      ΓöüΓöüΓöüΓöüΓöüΓöüΓöüΓöüΓöüΓöüΓöüΓöüΓöüΓöüΓöüΓöüΓöüΓöüΓöüΓöüΓöüΓöüΓöüΓöüΓöüΓöüΓöüΓöüΓöüΓöüΓöüΓöüΓöüΓöüΓöüΓöüΓöüΓöüΓöü 107.7/107.7 kB 8.9 MB/s eta 0:00:00
#20 195.5 Collecting requests[socks]
#20 195.6   Downloading requests-2.32.5-py3-none-any.whl (64 kB)
#20 195.7      ΓöüΓöüΓöüΓöüΓöüΓöüΓöüΓöüΓöüΓöüΓöüΓöüΓöüΓöüΓöüΓöüΓöüΓöüΓöüΓöüΓöüΓöüΓöüΓöüΓöüΓöüΓöüΓöüΓöüΓöüΓöüΓöüΓöüΓöüΓöüΓöüΓöüΓöüΓöüΓöü 64.7/64.7 kB 2.0 MB/s eta 0:00:00
#20 197.2 Collecting filelock
#20 197.3   Downloading filelock-3.24.2-py3-none-any.whl (24 kB)
#20 198.3 Collecting rich
#20 198.4   Downloading rich-14.3.2-py3-none-any.whl (309 kB)
#20 198.5      ΓöüΓöüΓöüΓöüΓöüΓöüΓöüΓöüΓöüΓöüΓöüΓöüΓöüΓöüΓöüΓöüΓöüΓöüΓöüΓöüΓöüΓöüΓöüΓöüΓöüΓöüΓöüΓöüΓöüΓöüΓöüΓöüΓöüΓöüΓöüΓöüΓöüΓöüΓöü 310.0/310.0 kB 3.0 MB/s eta 0:00:00
#20 198.7 Collecting namex
#20 198.8   Downloading namex-0.1.0-py3-none-any.whl (5.9 kB)
#20 199.1 Collecting absl-py
#20 199.2   Downloading absl_py-2.4.0-py3-none-any.whl (135 kB)
#20 199.3      ΓöüΓöüΓöüΓöüΓöüΓöüΓöüΓöüΓöüΓöüΓöüΓöüΓöüΓöüΓöüΓöüΓöüΓöüΓöüΓöüΓöüΓöüΓöüΓöüΓöüΓöüΓöüΓöüΓöüΓöüΓöüΓöüΓöüΓöüΓöüΓöüΓöüΓöüΓöü 135.8/135.8 kB 3.0 MB/s eta 0:00:00
#20 200.1 Collecting h5py
#20 200.2   Downloading h5py-3.15.1-cp310-cp310-manylinux_2_27_x86_64.manylinux_2_28_x86_64.whl (4.7 MB)
#20 202.0      ΓöüΓöüΓöüΓöüΓöüΓöüΓöüΓöüΓöüΓöüΓöüΓöüΓöüΓöüΓöüΓöüΓöüΓöüΓöüΓöüΓöüΓöüΓöüΓöüΓöüΓöüΓöüΓöüΓöüΓöüΓöüΓöüΓöüΓöüΓöüΓöüΓöüΓöüΓöüΓöü 4.7/4.7 MB 2.8 MB/s eta 0:00:00
#20 202.4 Collecting ml-dtypes
#20 202.5   Downloading ml_dtypes-0.5.4-cp310-cp310-manylinux_2_27_x86_64.manylinux_2_28_x86_64.whl (5.0 MB)
#20 203.7      ΓöüΓöüΓöüΓöüΓöüΓöüΓöüΓöüΓöüΓöüΓöüΓöüΓöüΓöüΓöüΓöüΓöüΓöüΓöüΓöüΓöüΓöüΓöüΓöüΓöüΓöüΓöüΓöüΓöüΓöüΓöüΓöüΓöüΓöüΓöüΓöüΓöüΓöüΓöüΓöü 5.0/5.0 MB 4.4 MB/s eta 0:00:00
#20 204.9 Collecting optree
#20 205.0   Downloading optree-0.18.0-cp310-cp310-manylinux_2_27_x86_64.manylinux_2_28_x86_64.whl (386 kB)
#20 205.1      ΓöüΓöüΓöüΓöüΓöüΓöüΓöüΓöüΓöüΓöüΓöüΓöüΓöüΓöüΓöüΓöüΓöüΓöüΓöüΓöüΓöüΓöüΓöüΓöüΓöüΓöüΓöüΓöüΓöüΓöüΓöüΓöüΓöüΓöüΓöüΓöüΓöüΓöüΓöü 386.6/386.6 kB 6.0 MB/s eta 0:00:00
#20 205.9 Collecting lz4>=4.3.3
#20 206.0   Downloading lz4-4.4.5-cp310-cp310-manylinux2014_x86_64.manylinux_2_17_x86_64.manylinux_2_28_x86_64.whl (1.4 MB)
#20 206.3      ΓöüΓöüΓöüΓöüΓöüΓöüΓöüΓöüΓöüΓöüΓöüΓöüΓöüΓöüΓöüΓöüΓöüΓöüΓöüΓöüΓöüΓöüΓöüΓöüΓöüΓöüΓöüΓöüΓöüΓöüΓöüΓöüΓöüΓöüΓöüΓöüΓöüΓöüΓöüΓöü 1.4/1.4 MB 5.5 MB/s eta 0:00:00
#20 206.6 Collecting joblib>=1.4.2
#20 206.7   Downloading joblib-1.5.3-py3-none-any.whl (309 kB)
#20 206.8      ΓöüΓöüΓöüΓöüΓöüΓöüΓöüΓöüΓöüΓöüΓöüΓöüΓöüΓöüΓöüΓöüΓöüΓöüΓöüΓöüΓöüΓöüΓöüΓöüΓöüΓöüΓöüΓöüΓöüΓöüΓöüΓöüΓöüΓöüΓöüΓöüΓöüΓöüΓöü 309.1/309.1 kB 2.9 MB/s eta 0:00:00
#20 207.1 Collecting tzdata>=2022.7
#20 207.2   Downloading tzdata-2025.3-py2.py3-none-any.whl (348 kB)
#20 207.3      ΓöüΓöüΓöüΓöüΓöüΓöüΓöüΓöüΓöüΓöüΓöüΓöüΓöüΓöüΓöüΓöüΓöüΓöüΓöüΓöüΓöüΓöüΓöüΓöüΓöüΓöüΓöüΓöüΓöüΓöüΓöüΓöüΓöüΓöüΓöüΓöüΓöüΓöüΓöü 348.5/348.5 kB 6.3 MB/s eta 0:00:00
#20 207.7 Collecting pytz>=2020.1
#20 207.8   Downloading pytz-2025.2-py2.py3-none-any.whl (509 kB)
#20 207.9      ΓöüΓöüΓöüΓöüΓöüΓöüΓöüΓöüΓöüΓöüΓöüΓöüΓöüΓöüΓöüΓöüΓöüΓöüΓöüΓöüΓöüΓöüΓöüΓöüΓöüΓöüΓöüΓöüΓöüΓöüΓöüΓöüΓöüΓöüΓöüΓöüΓöüΓöüΓöü 509.2/509.2 kB 6.1 MB/s eta 0:00:00
#20 208.2 Collecting python-dateutil>=2.8.2
#20 208.3   Downloading python_dateutil-2.9.0.post0-py2.py3-none-any.whl (229 kB)
#20 208.4      ΓöüΓöüΓöüΓöüΓöüΓöüΓöüΓöüΓöüΓöüΓöüΓöüΓöüΓöüΓöüΓöüΓöüΓöüΓöüΓöüΓöüΓöüΓöüΓöüΓöüΓöüΓöüΓöüΓöüΓöüΓöüΓöüΓöüΓöüΓöüΓöüΓöüΓöüΓöü 229.9/229.9 kB 6.2 MB/s eta 0:00:00
#20 208.7 Collecting libclang>=13.0.0
#20 208.9   Downloading libclang-18.1.1-py2.py3-none-manylinux2010_x86_64.whl (24.5 MB)
#20 212.6      ΓöüΓöüΓöüΓöüΓöüΓöüΓöüΓöüΓöüΓöüΓöüΓöüΓöüΓöüΓöüΓöüΓöüΓöüΓöüΓöüΓöüΓöüΓöüΓöüΓöüΓöüΓöüΓöüΓöüΓöüΓöüΓöüΓöüΓöüΓöüΓöüΓöüΓöüΓöüΓöü 24.5/24.5 MB 6.4 MB/s eta 0:00:00
#20 212.8 Collecting google_pasta>=0.1.1
#20 212.9   Downloading google_pasta-0.2.0-py3-none-any.whl (57 kB)
#20 213.0      ΓöüΓöüΓöüΓöüΓöüΓöüΓöüΓöüΓöüΓöüΓöüΓöüΓöüΓöüΓöüΓöüΓöüΓöüΓöüΓöüΓöüΓöüΓöüΓöüΓöüΓöüΓöüΓöüΓöüΓöüΓöüΓöüΓöüΓöüΓöüΓöüΓöüΓöüΓöüΓöü 57.5/57.5 kB 1.6 MB/s eta 0:00:00
#20 214.4 Collecting wrapt>=1.11.0
#20 214.6   Downloading wrapt-2.1.1-cp310-cp310-manylinux1_x86_64.manylinux_2_28_x86_64.manylinux_2_5_x86_64.whl (113 kB)
#20 214.6      ΓöüΓöüΓöüΓöüΓöüΓöüΓöüΓöüΓöüΓöüΓöüΓöüΓöüΓöüΓöüΓöüΓöüΓöüΓöüΓöüΓöüΓöüΓöüΓöüΓöüΓöüΓöüΓöüΓöüΓöüΓöüΓöüΓöüΓöüΓöüΓöüΓöüΓöüΓöü 113.5/113.5 kB 1.9 MB/s eta 0:00:00
#20 219.4 Collecting grpcio<2.0,>=1.24.3
#20 219.5   Downloading grpcio-1.78.0-cp310-cp310-manylinux2014_x86_64.manylinux_2_17_x86_64.whl (6.7 MB)
#20 220.2      ΓöüΓöüΓöüΓöüΓöüΓöüΓöüΓöüΓöüΓöüΓöüΓöüΓöüΓöüΓöüΓöüΓöüΓöüΓöüΓöüΓöüΓöüΓöüΓöüΓöüΓöüΓöüΓöüΓöüΓöüΓöüΓöüΓöüΓöüΓöüΓöüΓöüΓöüΓöüΓöü 6.7/6.7 MB 9.7 MB/s eta 0:00:00
#20 220.2 Requirement already satisfied: setuptools in /usr/local/lib/python3.10/site-packages (from tensorflow>=1.9.0->deepface==0.0.79->-r requirements.txt (line 16)) (79.0.1)
#20 220.5 Collecting tensorboard~=2.20.0
#20 220.6   Downloading tensorboard-2.20.0-py3-none-any.whl (5.5 MB)
#20 221.3      ΓöüΓöüΓöüΓöüΓöüΓöüΓöüΓöüΓöüΓöüΓöüΓöüΓöüΓöüΓöüΓöüΓöüΓöüΓöüΓöüΓöüΓöüΓöüΓöüΓöüΓöüΓöüΓöüΓöüΓöüΓöüΓöüΓöüΓöüΓöüΓöüΓöüΓöüΓöüΓöü 5.5/5.5 MB 8.4 MB/s eta 0:00:00
#20 221.6 Collecting flatbuffers>=24.3.25
#20 221.7   Downloading flatbuffers-25.12.19-py2.py3-none-any.whl (26 kB)
#20 221.9 Collecting opt_einsum>=2.3.2
#20 222.0   Downloading opt_einsum-3.4.0-py3-none-any.whl (71 kB)
#20 222.1      ΓöüΓöüΓöüΓöüΓöüΓöüΓöüΓöüΓöüΓöüΓöüΓöüΓöüΓöüΓöüΓöüΓöüΓöüΓöüΓöüΓöüΓöüΓöüΓöüΓöüΓöüΓöüΓöüΓöüΓöüΓöüΓöüΓöüΓöüΓöüΓöüΓöüΓöüΓöü 71.9/71.9 kB 697.9 kB/s eta 0:00:00
#20 223.0 Collecting protobuf>=5.28.0
#20 223.1   Downloading protobuf-6.33.5-cp39-abi3-manylinux2014_x86_64.whl (323 kB)
#20 223.2      ΓöüΓöüΓöüΓöüΓöüΓöüΓöüΓöüΓöüΓöüΓöüΓöüΓöüΓöüΓöüΓöüΓöüΓöüΓöüΓöüΓöüΓöüΓöüΓöüΓöüΓöüΓöüΓöüΓöüΓöüΓöüΓöüΓöüΓöüΓöüΓöüΓöüΓöüΓöü 323.5/323.5 kB 3.6 MB/s eta 0:00:00
#20 223.3 Collecting astunparse>=1.6.0
#20 223.4   Downloading astunparse-1.6.3-py2.py3-none-any.whl (12 kB)
#20 223.7 Collecting gast!=0.5.0,!=0.5.1,!=0.5.2,>=0.2.1
#20 223.8   Downloading gast-0.7.0-py3-none-any.whl (22 kB)
#20 224.0 Requirement already satisfied: wheel<1.0,>=0.23.0 in /usr/local/lib/python3.10/site-packages (from astunparse>=1.6.0->tensorflow>=1.9.0->deepface==0.0.79->-r requirements.txt (line 16)) (0.45.1)
#20 224.5 Collecting urllib3<3,>=1.21.1
#20 224.6   Downloading urllib3-2.6.3-py3-none-any.whl (131 kB)
#20 224.7      ΓöüΓöüΓöüΓöüΓöüΓöüΓöüΓöüΓöüΓöüΓöüΓöüΓöüΓöüΓöüΓöüΓöüΓöüΓöüΓöüΓöüΓöüΓöüΓöüΓöüΓöüΓöüΓöüΓöüΓöüΓöüΓöüΓöüΓöüΓöüΓöüΓöüΓöüΓöü 131.6/131.6 kB 1.3 MB/s eta 0:00:00
#20 225.2 Collecting charset_normalizer<4,>=2
#20 225.3   Downloading charset_normalizer-3.4.4-cp310-cp310-manylinux2014_x86_64.manylinux_2_17_x86_64.manylinux_2_28_x86_64.whl (153 kB)
#20 225.4      ΓöüΓöüΓöüΓöüΓöüΓöüΓöüΓöüΓöüΓöüΓöüΓöüΓöüΓöüΓöüΓöüΓöüΓöüΓöüΓöüΓöüΓöüΓöüΓöüΓöüΓöüΓöüΓöüΓöüΓöüΓöüΓöüΓöüΓöüΓöüΓöüΓöüΓöüΓöü 153.6/153.6 kB 3.0 MB/s eta 0:00:00
#20 225.6 Collecting certifi>=2017.4.17
#20 225.8   Downloading certifi-2026.1.4-py3-none-any.whl (152 kB)
#20 225.9      ΓöüΓöüΓöüΓöüΓöüΓöüΓöüΓöüΓöüΓöüΓöüΓöüΓöüΓöüΓöüΓöüΓöüΓöüΓöüΓöüΓöüΓöüΓöüΓöüΓöüΓöüΓöüΓöüΓöüΓöüΓöüΓöüΓöüΓöüΓöüΓöüΓöüΓöüΓöü 152.9/152.9 kB 5.1 MB/s eta 0:00:00
#20 226.1 Collecting tensorboard-data-server<0.8.0,>=0.7.0
#20 226.2   Downloading tensorboard_data_server-0.7.2-py3-none-manylinux_2_31_x86_64.whl (6.6 MB)
#20 228.5      ΓöüΓöüΓöüΓöüΓöüΓöüΓöüΓöüΓöüΓöüΓöüΓöüΓöüΓöüΓöüΓöüΓöüΓöüΓöüΓöüΓöüΓöüΓöüΓöüΓöüΓöüΓöüΓöüΓöüΓöüΓöüΓöüΓöüΓöüΓöüΓöüΓöüΓöüΓöüΓöü 6.6/6.6 MB 2.9 MB/s eta 0:00:00
#20 228.8 Collecting markdown>=2.6.8
#20 228.9   Downloading markdown-3.10.2-py3-none-any.whl (108 kB)
#20 229.0      ΓöüΓöüΓöüΓöüΓöüΓöüΓöüΓöüΓöüΓöüΓöüΓöüΓöüΓöüΓöüΓöüΓöüΓöüΓöüΓöüΓöüΓöüΓöüΓöüΓöüΓöüΓöüΓöüΓöüΓöüΓöüΓöüΓöüΓöüΓöüΓöüΓöüΓöüΓöü 108.2/108.2 kB 5.0 MB/s eta 0:00:00
#20 229.2 Collecting soupsieve>=1.6.1
#20 229.3   Downloading soupsieve-2.8.3-py3-none-any.whl (37 kB)
#20 229.7 Collecting PySocks!=1.5.7,>=1.5.6
#20 229.8   Downloading PySocks-1.7.1-py3-none-any.whl (16 kB)
#20 230.1 Collecting markdown-it-py>=2.2.0
#20 230.2   Downloading markdown_it_py-4.0.0-py3-none-any.whl (87 kB)
#20 230.2      ΓöüΓöüΓöüΓöüΓöüΓöüΓöüΓöüΓöüΓöüΓöüΓöüΓöüΓöüΓöüΓöüΓöüΓöüΓöüΓöüΓöüΓöüΓöüΓöüΓöüΓöüΓöüΓöüΓöüΓöüΓöüΓöüΓöüΓöüΓöüΓöüΓöüΓöüΓöüΓöü 87.3/87.3 kB 6.0 MB/s eta 0:00:00
#20 230.5 Collecting pygments<3.0.0,>=2.13.0
#20 230.6   Downloading pygments-2.19.2-py3-none-any.whl (1.2 MB)
#20 230.9      ΓöüΓöüΓöüΓöüΓöüΓöüΓöüΓöüΓöüΓöüΓöüΓöüΓöüΓöüΓöüΓöüΓöüΓöüΓöüΓöüΓöüΓöüΓöüΓöüΓöüΓöüΓöüΓöüΓöüΓöüΓöüΓöüΓöüΓöüΓöüΓöüΓöüΓöüΓöüΓöü 1.2/1.2 MB 4.4 MB/s eta 0:00:00
#20 231.1 Collecting mdurl~=0.1
#20 231.2   Downloading mdurl-0.1.2-py3-none-any.whl (10.0 kB)
#20 231.5 Building wheels for collected packages: dlib, face_recognition_models
#20 231.5   Building wheel for dlib (pyproject.toml): started
#20 236.2   Building wheel for dlib (pyproject.toml): finished with status 'error'
#20 236.2   error: subprocess-exited-with-error
#20 236.2   
#20 236.2   ├ù Building wheel for dlib (pyproject.toml) did not run successfully.
#20 236.2   Γöé exit code: 1
#20 236.2   Γò░ΓöÇ> [99 lines of output]
#20 236.2       <string>:190: SetuptoolsDeprecationWarning: The test command is disabled and references to it are deprecated.
#20 236.2       !!
#20 236.2       
#20 236.2               ********************************************************************************
#20 236.2               Please remove any references to `setuptools.command.test` in all supported versions of the affected package.
#20 236.2       
#20 236.2               This deprecation is overdue, please update your project and remove deprecated
#20 236.2               calls to avoid build errors in the future.
#20 236.2               ********************************************************************************
#20 236.2       
#20 236.2       !!
#20 236.2       /tmp/pip-build-env-xw20ceto/overlay/lib/python3.10/site-packages/setuptools/_distutils/dist.py:287: UserWarning: Unknown distribution option: 'tests_require'
#20 236.2         warnings.warn(msg)
#20 236.2       running bdist_wheel
#20 236.2       running build
#20 236.2       running build_ext
#20 236.2       Building extension for Python 3.10.19 (main, Feb  4 2026, 20:28:39) [GCC 14.2.0]
#20 236.2       Invoking CMake setup: 'cmake /tmp/pip-install-iu79pufp/dlib_8d458ce89c024187ba04879466777fd9/tools/python -DCMAKE_LIBRARY_OUTPUT_DIRECTORY=/tmp/pip-install-iu79pufp/dlib_8d458ce89c024187ba04879466777fd9/build/lib.linux-x86_64-cpython-310 -DPYTHON_EXECUTABLE=/usr/local/bin/python3.10 -DCMAKE_BUILD_TYPE=Release'
#20 236.2       CMake Deprecation Warning at CMakeLists.txt:2 (CMAKE_MINIMUM_REQUIRED):
#20 236.2         Compatibility with CMake < 3.10 will be removed from a future version of
#20 236.2         CMake.
#20 236.2       
#20 236.2         Update the VERSION argument <min> value.  Or, use the <min>...<max> syntax
#20 236.2         to tell CMake that the project requires at least <min> but has been updated
#20 236.2         to work with policies introduced by <max> or earlier.
#20 236.2       
#20 236.2       
#20 236.2       -- The C compiler identification is GNU 14.2.0
#20 236.2       -- The CXX compiler identification is GNU 14.2.0
#20 236.2       -- Detecting C compiler ABI info
#20 236.2       -- Detecting C compiler ABI info - done
#20 236.2       -- Check for working C compiler: /usr/bin/cc - skipped
#20 236.2       -- Detecting C compile features
#20 236.2       -- Detecting C compile features - done
#20 236.2       -- Detecting CXX compiler ABI info
#20 236.2       -- Detecting CXX compiler ABI info - done
#20 236.2       -- Check for working CXX compiler: /usr/bin/c++ - skipped
#20 236.2       -- Detecting CXX compile features
#20 236.2       -- Detecting CXX compile features - done
#20 236.2       CMake Error at /tmp/pip-install-iu79pufp/dlib_8d458ce89c024187ba04879466777fd9/dlib/external/pybind11/CMakeLists.txt:8 (cmake_minimum_required):
#20 236.2         Compatibility with CMake < 3.5 has been removed from CMake.
#20 236.2       
#20 236.2         Update the VERSION argument <min> value.  Or, use the <min>...<max> syntax
#20 236.2         to tell CMake that the project requires at least <min> but has been updated
#20 236.2         to work with policies introduced by <max> or earlier.
#20 236.2       
#20 236.2         Or, add -DCMAKE_POLICY_VERSION_MINIMUM=3.5 to try configuring anyway.
#20 236.2       
#20 236.2       
#20 236.2       -- Configuring incomplete, errors occurred!
#20 236.2       Traceback (most recent call last):
#20 236.2         File "/usr/local/lib/python3.10/site-packages/pip/_vendor/pyproject_hooks/_in_process/_in_process.py", line 353, in <module>
#20 236.2           main()
#20 236.2         File "/usr/local/lib/python3.10/site-packages/pip/_vendor/pyproject_hooks/_in_process/_in_process.py", line 335, in main
#20 236.2           json_out['return_val'] = hook(**hook_input['kwargs'])
#20 236.2         File "/usr/local/lib/python3.10/site-packages/pip/_vendor/pyproject_hooks/_in_process/_in_process.py", line 251, in build_wheel
#20 236.2           return _build_backend().build_wheel(wheel_directory, config_settings,
#20 236.2         File "/tmp/pip-build-env-xw20ceto/overlay/lib/python3.10/site-packages/setuptools/build_meta.py", line 441, in build_wheel
#20 236.2           return _build(['bdist_wheel', '--dist-info-dir', str(metadata_directory)])
#20 236.2         File "/tmp/pip-build-env-xw20ceto/overlay/lib/python3.10/site-packages/setuptools/build_meta.py", line 429, in _build
#20 236.2           return self._build_with_temp_dir(
#20 236.2         File "/tmp/pip-build-env-xw20ceto/overlay/lib/python3.10/site-packages/setuptools/build_meta.py", line 410, in _build_with_temp_dir
#20 236.2           self.run_setup()
#20 236.2         File "/tmp/pip-build-env-xw20ceto/overlay/lib/python3.10/site-packages/setuptools/build_meta.py", line 317, in run_setup
#20 236.2           exec(code, locals())
#20 236.2         File "<string>", line 218, in <module>
#20 236.2         File "/tmp/pip-build-env-xw20ceto/overlay/lib/python3.10/site-packages/setuptools/__init__.py", line 117, in setup
#20 236.2           return distutils.core.setup(**attrs)  # type: ignore[return-value]
#20 236.2         File "/tmp/pip-build-env-xw20ceto/overlay/lib/python3.10/site-packages/setuptools/_distutils/core.py", line 186, in setup
#20 236.2           return run_commands(dist)
#20 236.2         File "/tmp/pip-build-env-xw20ceto/overlay/lib/python3.10/site-packages/setuptools/_distutils/core.py", line 202, in run_commands
#20 236.2           dist.run_commands()
#20 236.2         File "/tmp/pip-build-env-xw20ceto/overlay/lib/python3.10/site-packages/setuptools/_distutils/dist.py", line 1000, in run_commands
#20 236.2           self.run_command(cmd)
#20 236.2         File "/tmp/pip-build-env-xw20ceto/overlay/lib/python3.10/site-packages/setuptools/dist.py", line 1107, in run_command
#20 236.2           super().run_command(command)
#20 236.2         File "/tmp/pip-build-env-xw20ceto/overlay/lib/python3.10/site-packages/setuptools/_distutils/dist.py", line 1019, in run_command
#20 236.2           cmd_obj.run()
#20 236.2         File "/tmp/pip-build-env-xw20ceto/overlay/lib/python3.10/site-packages/setuptools/command/bdist_wheel.py", line 370, in run
#20 236.2           self.run_command("build")
#20 236.2         File "/tmp/pip-build-env-xw20ceto/overlay/lib/python3.10/site-packages/setuptools/_distutils/cmd.py", line 341, in run_command
#20 236.2           self.distribution.run_command(command)
#20 236.2         File "/tmp/pip-build-env-xw20ceto/overlay/lib/python3.10/site-packages/setuptools/dist.py", line 1107, in run_command
#20 236.2           super().run_command(command)
#20 236.2         File "/tmp/pip-build-env-xw20ceto/overlay/lib/python3.10/site-packages/setuptools/_distutils/dist.py", line 1019, in run_command
#20 236.2           cmd_obj.run()
#20 236.2         File "/tmp/pip-build-env-xw20ceto/overlay/lib/python3.10/site-packages/setuptools/_distutils/command/build.py", line 135, in run
#20 236.2           self.run_command(cmd_name)
#20 236.2         File "/tmp/pip-build-env-xw20ceto/overlay/lib/python3.10/site-packages/setuptools/_distutils/cmd.py", line 341, in run_command
#20 236.2           self.distribution.run_command(command)
#20 236.2         File "/tmp/pip-build-env-xw20ceto/overlay/lib/python3.10/site-packages/setuptools/dist.py", line 1107, in run_command
#20 236.2           super().run_command(command)
#20 236.2         File "/tmp/pip-build-env-xw20ceto/overlay/lib/python3.10/site-packages/setuptools/_distutils/dist.py", line 1019, in run_command
#20 236.2           cmd_obj.run()
#20 236.2         File "<string>", line 130, in run
#20 236.2         File "<string>", line 167, in build_extension
#20 236.2         File "/usr/local/lib/python3.10/subprocess.py", line 369, in check_call
#20 236.2           raise CalledProcessError(retcode, cmd)
#20 236.2       subprocess.CalledProcessError: Command '['cmake', '/tmp/pip-install-iu79pufp/dlib_8d458ce89c024187ba04879466777fd9/tools/python', '-DCMAKE_LIBRARY_OUTPUT_DIRECTORY=/tmp/pip-install-iu79pufp/dlib_8d458ce89c024187ba04879466777fd9/build/lib.linux-x86_64-cpython-310', '-DPYTHON_EXECUTABLE=/usr/local/bin/python3.10', '-DCMAKE_BUILD_TYPE=Release']' returned non-zero exit status 1.
#20 236.2       [end of output]
#20 236.2   
#20 236.2   note: This error originates from a subprocess, and is likely not a problem with pip.
#20 236.2   ERROR: Failed building wheel for dlib
#20 236.3   Building wheel for face_recognition_models (setup.py): started
#20 273.4   Building wheel for face_recognition_models (setup.py): finished with status 'done'
#20 273.5   Created wheel for face_recognition_models: filename=face_recognition_models-0.3.0-py2.py3-none-any.whl size=100566239 sha256=c881f15bd06764753de9103527ada335d3161bd3830291735f7a02fa367b9932
#20 273.5   Stored in directory: /tmp/pip-ephem-wheel-cache-zkn088_e/wheels/7a/eb/cf/e9eced74122b679557f597bb7c8e4c739cfcac526db1fd523d
#20 273.5 Successfully built face_recognition_models
#20 273.5 Failed to build dlib
#20 273.5 ERROR: Could not build wheels for dlib, which is required to install pyproject.toml-based projects
#20 274.3 
#20 274.3 [notice] A new release of pip is available: 23.0.1 -> 26.0.1
#20 274.3 [notice] To update, run: pip install --upgrade pip
#20 ERROR: process "/bin/sh -c pip install --default-timeout=100 --no-cache-dir -r requirements.txt" did not complete successfully: exit code: 1
------
 > [backend 5/6] RUN pip install --default-timeout=100 --no-cache-dir -r requirements.txt:
236.3   Building wheel for face_recognition_models (setup.py): started
273.4   Building wheel for face_recognition_models (setup.py): finished with status 'done'
273.5   Created wheel for face_recognition_models: filename=face_recognition_models-0.3.0-py2.py3-none-any.whl size=100566239 sha256=c881f15bd06764753de9103527ada335d3161bd3830291735f7a02fa367b9932
273.5   Stored in directory: /tmp/pip-ephem-wheel-cache-zkn088_e/wheels/7a/eb/cf/e9eced74122b679557f597bb7c8e4c739cfcac526db1fd523d
273.5 Successfully built face_recognition_models
273.5 Failed to build dlib
273.5 ERROR: Could not build wheels for dlib, which is required to install pyproject.toml-based projects
274.3 
274.3 [notice] A new release of pip is available: 23.0.1 -> 26.0.1
274.3 [notice] To update, run: pip install --upgrade pip
------
Dockerfile:21

--------------------

  19 |     

  20 |     # Install the Python dependencies

  21 | >>> RUN pip install --default-timeout=100 --no-cache-dir -r requirements.txt

  22 |     

  23 |     # Copy all backend source code into the container

--------------------

target backend: failed to solve: process "/bin/sh -c pip install --default-timeout=100 --no-cache-dir -r requirements.txt" did not complete successfully: exit code: 1



View build details: docker-desktop://dashboard/build/default/default/cnauvoefn664em24d00ibnnun

