time="2026-02-18T14:53:44+08:00" level=warning msg="C:\\Users\\USER\\Documents\\Software Design\\Valid8-Attendance-Recognition-System\\VALID8_DOCKER_FINAL\\docker-compose.yml: the attribute `version` is obsolete, it will be ignored, please remove it to avoid potential confusion"
#1 [internal] load local bake definitions
#1 reading from stdin 1.33kB 0.0s done
#1 DONE 0.0s

#2 [frontend internal] load build definition from Dockerfile
#2 transferring dockerfile: 461B 0.0s done
#2 DONE 0.1s

#3 [backend internal] load build definition from Dockerfile
#3 transferring dockerfile: 825B 0.0s done
#3 DONE 0.1s

#4 [backend internal] load metadata for docker.io/library/python:3.10-slim
#4 ...

#5 [auth] library/node:pull token for registry-1.docker.io
#5 DONE 0.0s

#6 [auth] library/python:pull token for registry-1.docker.io
#6 DONE 0.0s

#7 [frontend internal] load metadata for docker.io/library/node:20
#7 DONE 2.6s

#4 [backend internal] load metadata for docker.io/library/python:3.10-slim
#4 DONE 2.6s

#8 [frontend internal] load .dockerignore
#8 transferring context: 118B 0.0s done
#8 DONE 0.0s

#9 [backend internal] load .dockerignore
#9 transferring context: 2B done
#9 DONE 0.0s

#10 [backend internal] load build context
#10 ...

#11 [frontend internal] load build context
#11 transferring context: 5.05kB 0.0s done
#11 DONE 0.1s

#12 [backend 1/6] FROM docker.io/library/python:3.10-slim@sha256:e508a34e5491225a76fbb9e0f43ebde1f691c6a689d096d7510cf7fb17d4ba6f
#12 resolve docker.io/library/python:3.10-slim@sha256:e508a34e5491225a76fbb9e0f43ebde1f691c6a689d096d7510cf7fb17d4ba6f 0.1s done
#12 DONE 0.1s

#13 [frontend 1/5] FROM docker.io/library/node:20@sha256:94a5714e6b243bf37a1767e637996302fadd9443327f5bdbf0179758fe70cacd
#13 resolve docker.io/library/node:20@sha256:94a5714e6b243bf37a1767e637996302fadd9443327f5bdbf0179758fe70cacd
#13 ...

#10 [backend internal] load build context
#10 ...

#13 [frontend 1/5] FROM docker.io/library/node:20@sha256:94a5714e6b243bf37a1767e637996302fadd9443327f5bdbf0179758fe70cacd
#13 resolve docker.io/library/node:20@sha256:94a5714e6b243bf37a1767e637996302fadd9443327f5bdbf0179758fe70cacd 0.1s done
#13 DONE 0.1s

#14 [frontend 2/5] WORKDIR /app
#14 CACHED

#15 [frontend 3/5] COPY package.json package-lock.json ./
#15 CACHED

#16 [frontend 4/5] RUN npm install
#16 CACHED

#17 [frontend 5/5] COPY . .
#17 CACHED

#10 [backend internal] load build context
#10 transferring context: 94.86kB 0.3s done
#10 DONE 0.3s

#18 [backend 2/6] WORKDIR /app
#18 CACHED

#19 [backend 3/6] RUN apt-get update && apt-get install -y     cmake     build-essential     libglib2.0-0     libsm6     libxext6     libxrender-dev     && rm -rf /var/lib/apt/lists/*
#19 CACHED

#20 [backend 4/6] COPY requirements.txt .
#20 DONE 0.2s

#21 [frontend] exporting to image
#21 exporting layers 0.0s done
#21 exporting manifest sha256:701f1c92321967dbca9d2db9f7e9e7353087acc2920a3a501097f4e48e43b8ce done
#21 exporting config sha256:560eb1668084b70ae45313f9f6844b07f78c7707bd2471e1b8ba83aa9f2ed38f done
#21 exporting attestation manifest sha256:1a9ec46b7845dc4970868ee9417f3e669886d908d1b196eab2c4b1225772292b 0.1s done
#21 exporting manifest list sha256:16d631cfce305b9ba872f39a279ecdcfd126921ee83dcd4ca3676e944e63bbcd 0.0s done
#21 naming to docker.io/library/valid8_docker_final-frontend:latest done
#21 unpacking to docker.io/library/valid8_docker_final-frontend:latest 0.0s done
#21 DONE 0.4s

#22 [backend 5/6] RUN pip install --default-timeout=100 --no-cache-dir -r requirements.txt
#22 ...

#23 [frontend] resolving provenance for metadata file
#23 DONE 0.0s

#22 [backend 5/6] RUN pip install --default-timeout=100 --no-cache-dir -r requirements.txt
#22 6.450 Collecting alembic==1.15.2
#22 7.120   Downloading alembic-1.15.2-py3-none-any.whl (231 kB)
#22 7.511      ฮ“รถรผฮ“รถรผฮ“รถรผฮ“รถรผฮ“รถรผฮ“รถรผฮ“รถรผฮ“รถรผฮ“รถรผฮ“รถรผฮ“รถรผฮ“รถรผฮ“รถรผฮ“รถรผฮ“รถรผฮ“รถรผฮ“รถรผฮ“รถรผฮ“รถรผฮ“รถรผฮ“รถรผฮ“รถรผฮ“รถรผฮ“รถรผฮ“รถรผฮ“รถรผฮ“รถรผฮ“รถรผฮ“รถรผฮ“รถรผฮ“รถรผฮ“รถรผฮ“รถรผฮ“รถรผฮ“รถรผฮ“รถรผฮ“รถรผ 231.9/231.9 kB 601.6 kB/s eta 0:00:00
#22 7.747 Collecting annotated-types==0.7.0
#22 7.875   Downloading annotated_types-0.7.0-py3-none-any.whl (13 kB)
#22 8.212 Collecting anyio==4.9.0
#22 8.349   Downloading anyio-4.9.0-py3-none-any.whl (100 kB)
#22 8.376      ฮ“รถรผฮ“รถรผฮ“รถรผฮ“รถรผฮ“รถรผฮ“รถรผฮ“รถรผฮ“รถรผฮ“รถรผฮ“รถรผฮ“รถรผฮ“รถรผฮ“รถรผฮ“รถรผฮ“รถรผฮ“รถรผฮ“รถรผฮ“รถรผฮ“รถรผฮ“รถรผฮ“รถรผฮ“รถรผฮ“รถรผฮ“รถรผฮ“รถรผฮ“รถรผฮ“รถรผฮ“รถรผฮ“รถรผฮ“รถรผฮ“รถรผฮ“รถรผฮ“รถรผฮ“รถรผฮ“รถรผฮ“รถรผฮ“รถรผฮ“รถรผฮ“รถรผ 100.9/100.9 kB 6.6 MB/s eta 0:00:00
#22 8.756 Collecting bcrypt==4.1.2
#22 8.874   Downloading bcrypt-4.1.2-cp39-abi3-manylinux_2_28_x86_64.whl (698 kB)
#22 9.084      ฮ“รถรผฮ“รถรผฮ“รถรผฮ“รถรผฮ“รถรผฮ“รถรผฮ“รถรผฮ“รถรผฮ“รถรผฮ“รถรผฮ“รถรผฮ“รถรผฮ“รถรผฮ“รถรผฮ“รถรผฮ“รถรผฮ“รถรผฮ“รถรผฮ“รถรผฮ“รถรผฮ“รถรผฮ“รถรผฮ“รถรผฮ“รถรผฮ“รถรผฮ“รถรผฮ“รถรผฮ“รถรผฮ“รถรผฮ“รถรผฮ“รถรผฮ“รถรผฮ“รถรผฮ“รถรผฮ“รถรผฮ“รถรผฮ“รถรผฮ“รถรผฮ“รถรผ 698.9/698.9 kB 3.8 MB/s eta 0:00:00
#22 9.732 Collecting cffi==1.16.0
#22 9.852   Downloading cffi-1.16.0-cp310-cp310-manylinux_2_17_x86_64.manylinux2014_x86_64.whl (443 kB)
#22 10.09      ฮ“รถรผฮ“รถรผฮ“รถรผฮ“รถรผฮ“รถรผฮ“รถรผฮ“รถรผฮ“รถรผฮ“รถรผฮ“รถรผฮ“รถรผฮ“รถรผฮ“รถรผฮ“รถรผฮ“รถรผฮ“รถรผฮ“รถรผฮ“รถรผฮ“รถรผฮ“รถรผฮ“รถรผฮ“รถรผฮ“รถรผฮ“รถรผฮ“รถรผฮ“รถรผฮ“รถรผฮ“รถรผฮ“รถรผฮ“รถรผฮ“รถรผฮ“รถรผฮ“รถรผฮ“รถรผฮ“รถรผฮ“รถรผฮ“รถรผฮ“รถรผฮ“รถรผ 443.9/443.9 kB 2.2 MB/s eta 0:00:00
#22 10.30 Collecting click==8.1.7
#22 10.45   Downloading click-8.1.7-py3-none-any.whl (97 kB)
#22 10.50      ฮ“รถรผฮ“รถรผฮ“รถรผฮ“รถรผฮ“รถรผฮ“รถรผฮ“รถรผฮ“รถรผฮ“รถรผฮ“รถรผฮ“รถรผฮ“รถรผฮ“รถรผฮ“รถรผฮ“รถรผฮ“รถรผฮ“รถรผฮ“รถรผฮ“รถรผฮ“รถรผฮ“รถรผฮ“รถรผฮ“รถรผฮ“รถรผฮ“รถรผฮ“รถรผฮ“รถรผฮ“รถรผฮ“รถรผฮ“รถรผฮ“รถรผฮ“รถรผฮ“รถรผฮ“รถรผฮ“รถรผฮ“รถรผฮ“รถรผฮ“รถรผฮ“รถรผฮ“รถรผ 97.9/97.9 kB 2.2 MB/s eta 0:00:00
#22 10.72 Collecting colorama==0.4.6
#22 10.84   Downloading colorama-0.4.6-py2.py3-none-any.whl (25 kB)
#22 12.83 Collecting coverage==7.5.3
#22 12.95   Downloading coverage-7.5.3-cp310-cp310-manylinux_2_5_x86_64.manylinux1_x86_64.manylinux_2_17_x86_64.manylinux2014_x86_64.whl (231 kB)
#22 13.04      ฮ“รถรผฮ“รถรผฮ“รถรผฮ“รถรผฮ“รถรผฮ“รถรผฮ“รถรผฮ“รถรผฮ“รถรผฮ“รถรผฮ“รถรผฮ“รถรผฮ“รถรผฮ“รถรผฮ“รถรผฮ“รถรผฮ“รถรผฮ“รถรผฮ“รถรผฮ“รถรผฮ“รถรผฮ“รถรผฮ“รถรผฮ“รถรผฮ“รถรผฮ“รถรผฮ“รถรผฮ“รถรผฮ“รถรผฮ“รถรผฮ“รถรผฮ“รถรผฮ“รถรผฮ“รถรผฮ“รถรผฮ“รถรผฮ“รถรผฮ“รถรผฮ“รถรผ 231.6/231.6 kB 2.9 MB/s eta 0:00:00
#22 13.76 Collecting cryptography==42.0.5
#22 13.89   Downloading cryptography-42.0.5-cp39-abi3-manylinux_2_28_x86_64.whl (4.6 MB)
#22 14.58      ฮ“รถรผฮ“รถรผฮ“รถรผฮ“รถรผฮ“รถรผฮ“รถรผฮ“รถรผฮ“รถรผฮ“รถรผฮ“รถรผฮ“รถรผฮ“รถรผฮ“รถรผฮ“รถรผฮ“รถรผฮ“รถรผฮ“รถรผฮ“รถรผฮ“รถรผฮ“รถรผฮ“รถรผฮ“รถรผฮ“รถรผฮ“รถรผฮ“รถรผฮ“รถรผฮ“รถรผฮ“รถรผฮ“รถรผฮ“รถรผฮ“รถรผฮ“รถรผฮ“รถรผฮ“รถรผฮ“รถรผฮ“รถรผฮ“รถรผฮ“รถรผฮ“รถรผฮ“รถรผ 4.6/4.6 MB 6.7 MB/s eta 0:00:00
#22 14.77 Collecting dnspython==2.6.1
#22 14.88   Downloading dnspython-2.6.1-py3-none-any.whl (307 kB)
#22 14.99      ฮ“รถรผฮ“รถรผฮ“รถรผฮ“รถรผฮ“รถรผฮ“รถรผฮ“รถรผฮ“รถรผฮ“รถรผฮ“รถรผฮ“รถรผฮ“รถรผฮ“รถรผฮ“รถรผฮ“รถรผฮ“รถรผฮ“รถรผฮ“รถรผฮ“รถรผฮ“รถรผฮ“รถรผฮ“รถรผฮ“รถรผฮ“รถรผฮ“รถรผฮ“รถรผฮ“รถรผฮ“รถรผฮ“รถรผฮ“รถรผฮ“รถรผฮ“รถรผฮ“รถรผฮ“รถรผฮ“รถรผฮ“รถรผฮ“รถรผฮ“รถรผฮ“รถรผ 307.7/307.7 kB 3.5 MB/s eta 0:00:00
#22 15.26 Collecting ecdsa==0.19.0
#22 15.38   Downloading ecdsa-0.19.0-py2.py3-none-any.whl (149 kB)
#22 15.47      ฮ“รถรผฮ“รถรผฮ“รถรผฮ“รถรผฮ“รถรผฮ“รถรผฮ“รถรผฮ“รถรผฮ“รถรผฮ“รถรผฮ“รถรผฮ“รถรผฮ“รถรผฮ“รถรผฮ“รถรผฮ“รถรผฮ“รถรผฮ“รถรผฮ“รถรผฮ“รถรผฮ“รถรผฮ“รถรผฮ“รถรผฮ“รถรผฮ“รถรผฮ“รถรผฮ“รถรผฮ“รถรผฮ“รถรผฮ“รถรผฮ“รถรผฮ“รถรผฮ“รถรผฮ“รถรผฮ“รถรผฮ“รถรผฮ“รถรผฮ“รถรผฮ“รถรผ 149.3/149.3 kB 1.6 MB/s eta 0:00:00
#22 15.61 Collecting email_validator==2.1.1
#22 15.72   Downloading email_validator-2.1.1-py3-none-any.whl (30 kB)
#22 16.14 Collecting deepface==0.0.79
#22 16.26   Downloading deepface-0.0.79-py3-none-any.whl (49 kB)
#22 16.37      ฮ“รถรผฮ“รถรผฮ“รถรผฮ“รถรผฮ“รถรผฮ“รถรผฮ“รถรผฮ“รถรผฮ“รถรผฮ“รถรผฮ“รถรผฮ“รถรผฮ“รถรผฮ“รถรผฮ“รถรผฮ“รถรผฮ“รถรผฮ“รถรผฮ“รถรผฮ“รถรผฮ“รถรผฮ“รถรผฮ“รถรผฮ“รถรผฮ“รถรผฮ“รถรผฮ“รถรผฮ“รถรผฮ“รถรผฮ“รถรผฮ“รถรผฮ“รถรผฮ“รถรผฮ“รถรผฮ“รถรผฮ“รถรผฮ“รถรผฮ“รถรผฮ“รถรผ 49.6/49.6 kB 477.3 kB/s eta 0:00:00
#22 16.77 Collecting opencv-python==4.10.0.84
#22 16.89   Downloading opencv_python-4.10.0.84-cp37-abi3-manylinux_2_17_x86_64.manylinux2014_x86_64.whl (62.5 MB)
#22 25.11      ฮ“รถรผฮ“รถรผฮ“รถรผฮ“รถรผฮ“รถรผฮ“รถรผฮ“รถรผฮ“รถรผฮ“รถรผฮ“รถรผฮ“รถรผฮ“รถรผฮ“รถรผฮ“รถรผฮ“รถรผฮ“รถรผฮ“รถรผฮ“รถรผฮ“รถรผฮ“รถรผฮ“รถรผฮ“รถรผฮ“รถรผฮ“รถรผฮ“รถรผฮ“รถรผฮ“รถรผฮ“รถรผฮ“รถรผฮ“รถรผฮ“รถรผฮ“รถรผฮ“รถรผฮ“รถรผฮ“รถรผฮ“รถรผฮ“รถรผฮ“รถรผฮ“รถรผฮ“รถรผ 62.5/62.5 MB 13.9 MB/s eta 0:00:00
#22 25.56 Collecting fastapi==0.110.0
#22 25.67   Downloading fastapi-0.110.0-py3-none-any.whl (92 kB)
#22 25.68      ฮ“รถรผฮ“รถรผฮ“รถรผฮ“รถรผฮ“รถรผฮ“รถรผฮ“รถรผฮ“รถรผฮ“รถรผฮ“รถรผฮ“รถรผฮ“รถรผฮ“รถรผฮ“รถรผฮ“รถรผฮ“รถรผฮ“รถรผฮ“รถรผฮ“รถรผฮ“รถรผฮ“รถรผฮ“รถรผฮ“รถรผฮ“รถรผฮ“รถรผฮ“รถรผฮ“รถรผฮ“รถรผฮ“รถรผฮ“รถรผฮ“รถรผฮ“รถรผฮ“รถรผฮ“รถรผฮ“รถรผฮ“รถรผฮ“รถรผฮ“รถรผฮ“รถรผฮ“รถรผ 92.1/92.1 kB 9.2 MB/s eta 0:00:00
#22 26.25 Collecting greenlet==3.0.3
#22 26.37   Downloading greenlet-3.0.3-cp310-cp310-manylinux_2_24_x86_64.manylinux_2_28_x86_64.whl (616 kB)
#22 26.61      ฮ“รถรผฮ“รถรผฮ“รถรผฮ“รถรผฮ“รถรผฮ“รถรผฮ“รถรผฮ“รถรผฮ“รถรผฮ“รถรผฮ“รถรผฮ“รถรผฮ“รถรผฮ“รถรผฮ“รถรผฮ“รถรผฮ“รถรผฮ“รถรผฮ“รถรผฮ“รถรผฮ“รถรผฮ“รถรผฮ“รถรผฮ“รถรผฮ“รถรผฮ“รถรผฮ“รถรผฮ“รถรผฮ“รถรผฮ“รถรผฮ“รถรผฮ“รถรผฮ“รถรผฮ“รถรผฮ“รถรผฮ“รถรผฮ“รถรผฮ“รถรผฮ“รถรผ 616.0/616.0 kB 2.7 MB/s eta 0:00:00
#22 26.74 Collecting h11==0.14.0
#22 26.86   Downloading h11-0.14.0-py3-none-any.whl (58 kB)
#22 26.96      ฮ“รถรผฮ“รถรผฮ“รถรผฮ“รถรผฮ“รถรผฮ“รถรผฮ“รถรผฮ“รถรผฮ“รถรผฮ“รถรผฮ“รถรผฮ“รถรผฮ“รถรผฮ“รถรผฮ“รถรผฮ“รถรผฮ“รถรผฮ“รถรผฮ“รถรผฮ“รถรผฮ“รถรผฮ“รถรผฮ“รถรผฮ“รถรผฮ“รถรผฮ“รถรผฮ“รถรผฮ“รถรผฮ“รถรผฮ“รถรผฮ“รถรผฮ“รถรผฮ“รถรผฮ“รถรผฮ“รถรผฮ“รถรผฮ“รถรผฮ“รถรผฮ“รถรผ 58.3/58.3 kB 625.3 kB/s eta 0:00:00
#22 27.11 Collecting idna==3.7
#22 27.23   Downloading idna-3.7-py3-none-any.whl (66 kB)
#22 27.33      ฮ“รถรผฮ“รถรผฮ“รถรผฮ“รถรผฮ“รถรผฮ“รถรผฮ“รถรผฮ“รถรผฮ“รถรผฮ“รถรผฮ“รถรผฮ“รถรผฮ“รถรผฮ“รถรผฮ“รถรผฮ“รถรผฮ“รถรผฮ“รถรผฮ“รถรผฮ“รถรผฮ“รถรผฮ“รถรผฮ“รถรผฮ“รถรผฮ“รถรผฮ“รถรผฮ“รถรผฮ“รถรผฮ“รถรผฮ“รถรผฮ“รถรผฮ“รถรผฮ“รถรผฮ“รถรผฮ“รถรผฮ“รถรผฮ“รถรผฮ“รถรผฮ“รถรผ 66.8/66.8 kB 720.5 kB/s eta 0:00:00
#22 27.51 Collecting iniconfig==2.0.0
#22 27.64   Downloading iniconfig-2.0.0-py3-none-any.whl (5.9 kB)
#22 27.93 Collecting Mako==1.3.5
#22 28.05   Downloading Mako-1.3.5-py3-none-any.whl (78 kB)
#22 28.15      ฮ“รถรผฮ“รถรผฮ“รถรผฮ“รถรผฮ“รถรผฮ“รถรผฮ“รถรผฮ“รถรผฮ“รถรผฮ“รถรผฮ“รถรผฮ“รถรผฮ“รถรผฮ“รถรผฮ“รถรผฮ“รถรผฮ“รถรผฮ“รถรผฮ“รถรผฮ“รถรผฮ“รถรผฮ“รถรผฮ“รถรผฮ“รถรผฮ“รถรผฮ“รถรผฮ“รถรผฮ“รถรผฮ“รถรผฮ“รถรผฮ“รถรผฮ“รถรผฮ“รถรผฮ“รถรผฮ“รถรผฮ“รถรผฮ“รถรผฮ“รถรผฮ“รถรผ 78.6/78.6 kB 896.1 kB/s eta 0:00:00
#22 28.53 Collecting MarkupSafe==2.1.5
#22 28.64   Downloading MarkupSafe-2.1.5-cp310-cp310-manylinux_2_17_x86_64.manylinux2014_x86_64.whl (25 kB)
#22 29.51 Collecting numpy==1.26.4
#22 29.62   Downloading numpy-1.26.4-cp310-cp310-manylinux_2_17_x86_64.manylinux2014_x86_64.whl (18.2 MB)
#22 36.24      ฮ“รถรผฮ“รถรผฮ“รถรผฮ“รถรผฮ“รถรผฮ“รถรผฮ“รถรผฮ“รถรผฮ“รถรผฮ“รถรผฮ“รถรผฮ“รถรผฮ“รถรผฮ“รถรผฮ“รถรผฮ“รถรผฮ“รถรผฮ“รถรผฮ“รถรผฮ“รถรผฮ“รถรผฮ“รถรผฮ“รถรผฮ“รถรผฮ“รถรผฮ“รถรผฮ“รถรผฮ“รถรผฮ“รถรผฮ“รถรผฮ“รถรผฮ“รถรผฮ“รถรผฮ“รถรผฮ“รถรผฮ“รถรผฮ“รถรผฮ“รถรผฮ“รถรผฮ“รถรผ 18.2/18.2 MB 4.6 MB/s eta 0:00:00
#22 36.51 Collecting packaging==24.0
#22 36.64   Downloading packaging-24.0-py3-none-any.whl (53 kB)
#22 36.67      ฮ“รถรผฮ“รถรผฮ“รถรผฮ“รถรผฮ“รถรผฮ“รถรผฮ“รถรผฮ“รถรผฮ“รถรผฮ“รถรผฮ“รถรผฮ“รถรผฮ“รถรผฮ“รถรผฮ“รถรผฮ“รถรผฮ“รถรผฮ“รถรผฮ“รถรผฮ“รถรผฮ“รถรผฮ“รถรผฮ“รถรผฮ“รถรผฮ“รถรผฮ“รถรผฮ“รถรผฮ“รถรผฮ“รถรผฮ“รถรผฮ“รถรผฮ“รถรผฮ“รถรผฮ“รถรผฮ“รถรผฮ“รถรผฮ“รถรผฮ“รถรผฮ“รถรผฮ“รถรผ 53.5/53.5 kB 28.9 MB/s eta 0:00:00
#22 36.85 Collecting passlib==1.7.4
#22 36.96   Downloading passlib-1.7.4-py2.py3-none-any.whl (525 kB)
#22 37.15      ฮ“รถรผฮ“รถรผฮ“รถรผฮ“รถรผฮ“รถรผฮ“รถรผฮ“รถรผฮ“รถรผฮ“รถรผฮ“รถรผฮ“รถรผฮ“รถรผฮ“รถรผฮ“รถรผฮ“รถรผฮ“รถรผฮ“รถรผฮ“รถรผฮ“รถรผฮ“รถรผฮ“รถรผฮ“รถรผฮ“รถรผฮ“รถรผฮ“รถรผฮ“รถรผฮ“รถรผฮ“รถรผฮ“รถรผฮ“รถรผฮ“รถรผฮ“รถรผฮ“รถรผฮ“รถรผฮ“รถรผฮ“รถรผฮ“รถรผฮ“รถรผฮ“รถรผ 525.6/525.6 kB 6.0 MB/s eta 0:00:00
#22 37.96 Collecting pillow==10.3.0
#22 38.08   Downloading pillow-10.3.0-cp310-cp310-manylinux_2_28_x86_64.whl (4.5 MB)
#22 38.87      ฮ“รถรผฮ“รถรผฮ“รถรผฮ“รถรผฮ“รถรผฮ“รถรผฮ“รถรผฮ“รถรผฮ“รถรผฮ“รถรผฮ“รถรผฮ“รถรผฮ“รถรผฮ“รถรผฮ“รถรผฮ“รถรผฮ“รถรผฮ“รถรผฮ“รถรผฮ“รถรผฮ“รถรผฮ“รถรผฮ“รถรผฮ“รถรผฮ“รถรผฮ“รถรผฮ“รถรผฮ“รถรผฮ“รถรผฮ“รถรผฮ“รถรผฮ“รถรผฮ“รถรผฮ“รถรผฮ“รถรผฮ“รถรผฮ“รถรผฮ“รถรผฮ“รถรผฮ“รถรผ 4.5/4.5 MB 5.9 MB/s eta 0:00:00
#22 39.13 Collecting pluggy==1.5.0
#22 39.35   Downloading pluggy-1.5.0-py3-none-any.whl (20 kB)
#22 39.80 Collecting psycopg2-binary==2.9.9
#22 39.96   Downloading psycopg2_binary-2.9.9-cp310-cp310-manylinux_2_17_x86_64.manylinux2014_x86_64.whl (3.0 MB)
#22 40.48      ฮ“รถรผฮ“รถรผฮ“รถรผฮ“รถรผฮ“รถรผฮ“รถรผฮ“รถรผฮ“รถรผฮ“รถรผฮ“รถรผฮ“รถรผฮ“รถรผฮ“รถรผฮ“รถรผฮ“รถรผฮ“รถรผฮ“รถรผฮ“รถรผฮ“รถรผฮ“รถรผฮ“รถรผฮ“รถรผฮ“รถรผฮ“รถรผฮ“รถรผฮ“รถรผฮ“รถรผฮ“รถรผฮ“รถรผฮ“รถรผฮ“รถรผฮ“รถรผฮ“รถรผฮ“รถรผฮ“รถรผฮ“รถรผฮ“รถรผฮ“รถรผฮ“รถรผฮ“รถรผ 3.0/3.0 MB 5.8 MB/s eta 0:00:00
#22 40.64 Collecting pyasn1==0.4.8
#22 40.75   Downloading pyasn1-0.4.8-py2.py3-none-any.whl (77 kB)
#22 40.88      ฮ“รถรผฮ“รถรผฮ“รถรผฮ“รถรผฮ“รถรผฮ“รถรผฮ“รถรผฮ“รถรผฮ“รถรผฮ“รถรผฮ“รถรผฮ“รถรผฮ“รถรผฮ“รถรผฮ“รถรผฮ“รถรผฮ“รถรผฮ“รถรผฮ“รถรผฮ“รถรผฮ“รถรผฮ“รถรผฮ“รถรผฮ“รถรผฮ“รถรผฮ“รถรผฮ“รถรผฮ“รถรผฮ“รถรผฮ“รถรผฮ“รถรผฮ“รถรผฮ“รถรผฮ“รถรผฮ“รถรผฮ“รถรผฮ“รถรผฮ“รถรผฮ“รถรผ 77.1/77.1 kB 622.4 kB/s eta 0:00:00
#22 41.10 Collecting pycparser==2.21
#22 41.24   Downloading pycparser-2.21-py2.py3-none-any.whl (118 kB)
#22 41.32      ฮ“รถรผฮ“รถรผฮ“รถรผฮ“รถรผฮ“รถรผฮ“รถรผฮ“รถรผฮ“รถรผฮ“รถรผฮ“รถรผฮ“รถรผฮ“รถรผฮ“รถรผฮ“รถรผฮ“รถรผฮ“รถรผฮ“รถรผฮ“รถรผฮ“รถรผฮ“รถรผฮ“รถรผฮ“รถรผฮ“รถรผฮ“รถรผฮ“รถรผฮ“รถรผฮ“รถรผฮ“รถรผฮ“รถรผฮ“รถรผฮ“รถรผฮ“รถรผฮ“รถรผฮ“รถรผฮ“รถรผฮ“รถรผฮ“รถรผฮ“รถรผฮ“รถรผ 118.7/118.7 kB 1.8 MB/s eta 0:00:00
#22 41.93 Collecting pydantic==2.6.4
#22 42.04   Downloading pydantic-2.6.4-py3-none-any.whl (394 kB)
#22 42.15      ฮ“รถรผฮ“รถรผฮ“รถรผฮ“รถรผฮ“รถรผฮ“รถรผฮ“รถรผฮ“รถรผฮ“รถรผฮ“รถรผฮ“รถรผฮ“รถรผฮ“รถรผฮ“รถรผฮ“รถรผฮ“รถรผฮ“รถรผฮ“รถรผฮ“รถรผฮ“รถรผฮ“รถรผฮ“รถรผฮ“รถรผฮ“รถรผฮ“รถรผฮ“รถรผฮ“รถรผฮ“รถรผฮ“รถรผฮ“รถรผฮ“รถรผฮ“รถรผฮ“รถรผฮ“รถรผฮ“รถรผฮ“รถรผฮ“รถรผฮ“รถรผฮ“รถรผ 394.9/394.9 kB 4.3 MB/s eta 0:00:00
#22 46.95 Collecting pydantic_core==2.16.3
#22 47.07   Downloading pydantic_core-2.16.3-cp310-cp310-manylinux_2_17_x86_64.manylinux2014_x86_64.whl (2.2 MB)
#22 47.51      ฮ“รถรผฮ“รถรผฮ“รถรผฮ“รถรผฮ“รถรผฮ“รถรผฮ“รถรผฮ“รถรผฮ“รถรผฮ“รถรผฮ“รถรผฮ“รถรผฮ“รถรผฮ“รถรผฮ“รถรผฮ“รถรผฮ“รถรผฮ“รถรผฮ“รถรผฮ“รถรผฮ“รถรผฮ“รถรผฮ“รถรผฮ“รถรผฮ“รถรผฮ“รถรผฮ“รถรผฮ“รถรผฮ“รถรผฮ“รถรผฮ“รถรผฮ“รถรผฮ“รถรผฮ“รถรผฮ“รถรผฮ“รถรผฮ“รถรผฮ“รถรผฮ“รถรผฮ“รถรผ 2.2/2.2 MB 6.3 MB/s eta 0:00:00
#22 47.86 Collecting pytest==8.2.0
#22 48.01   Downloading pytest-8.2.0-py3-none-any.whl (339 kB)
#22 48.27      ฮ“รถรผฮ“รถรผฮ“รถรผฮ“รถรผฮ“รถรผฮ“รถรผฮ“รถรผฮ“รถรผฮ“รถรผฮ“รถรผฮ“รถรผฮ“รถรผฮ“รถรผฮ“รถรผฮ“รถรผฮ“รถรผฮ“รถรผฮ“รถรผฮ“รถรผฮ“รถรผฮ“รถรผฮ“รถรผฮ“รถรผฮ“รถรผฮ“รถรผฮ“รถรผฮ“รถรผฮ“รถรผฮ“รถรผฮ“รถรผฮ“รถรผฮ“รถรผฮ“รถรผฮ“รถรผฮ“รถรผฮ“รถรผฮ“รถรผฮ“รถรผฮ“รถรผ 339.2/339.2 kB 1.4 MB/s eta 0:00:00
#22 48.50 Collecting pytest-cov==5.0.0
#22 48.68   Downloading pytest_cov-5.0.0-py3-none-any.whl (21 kB)
#22 48.89 Collecting python-dotenv==1.0.1
#22 49.00   Downloading python_dotenv-1.0.1-py3-none-any.whl (19 kB)
#22 49.48 Collecting python-jose==3.3.0
#22 49.60   Downloading python_jose-3.3.0-py2.py3-none-any.whl (33 kB)
#22 49.80 Collecting python-multipart==0.0.9
#22 49.93   Downloading python_multipart-0.0.9-py3-none-any.whl (22 kB)
#22 50.14 Collecting rsa==4.9
#22 50.28   Downloading rsa-4.9-py3-none-any.whl (34 kB)
#22 50.55 Collecting six==1.16.0
#22 50.67   Downloading six-1.16.0-py2.py3-none-any.whl (11 kB)
#22 50.92 Collecting sniffio==1.3.0
#22 51.06   Downloading sniffio-1.3.0-py3-none-any.whl (10 kB)
#22 52.35 Collecting SQLAlchemy==2.0.29
#22 52.47   Downloading SQLAlchemy-2.0.29-cp310-cp310-manylinux_2_17_x86_64.manylinux2014_x86_64.whl (3.1 MB)
#22 52.97      ฮ“รถรผฮ“รถรผฮ“รถรผฮ“รถรผฮ“รถรผฮ“รถรผฮ“รถรผฮ“รถรผฮ“รถรผฮ“รถรผฮ“รถรผฮ“รถรผฮ“รถรผฮ“รถรผฮ“รถรผฮ“รถรผฮ“รถรผฮ“รถรผฮ“รถรผฮ“รถรผฮ“รถรผฮ“รถรผฮ“รถรผฮ“รถรผฮ“รถรผฮ“รถรผฮ“รถรผฮ“รถรผฮ“รถรผฮ“รถรผฮ“รถรผฮ“รถรผฮ“รถรผฮ“รถรผฮ“รถรผฮ“รถรผฮ“รถรผฮ“รถรผฮ“รถรผฮ“รถรผ 3.1/3.1 MB 6.4 MB/s eta 0:00:00
#22 53.23 Collecting SQLAlchemy-Utils==0.41.1
#22 53.35   Downloading SQLAlchemy_Utils-0.41.1-py3-none-any.whl (92 kB)
#22 53.45      ฮ“รถรผฮ“รถรผฮ“รถรผฮ“รถรผฮ“รถรผฮ“รถรผฮ“รถรผฮ“รถรผฮ“รถรผฮ“รถรผฮ“รถรผฮ“รถรผฮ“รถรผฮ“รถรผฮ“รถรผฮ“รถรผฮ“รถรผฮ“รถรผฮ“รถรผฮ“รถรผฮ“รถรผฮ“รถรผฮ“รถรผฮ“รถรผฮ“รถรผฮ“รถรผฮ“รถรผฮ“รถรผฮ“รถรผฮ“รถรผฮ“รถรผฮ“รถรผฮ“รถรผฮ“รถรผฮ“รถรผฮ“รถรผฮ“รถรผฮ“รถรผฮ“รถรผฮ“รถรผ 92.6/92.6 kB 1.1 MB/s eta 0:00:00
#22 53.67 Collecting starlette==0.36.3
#22 53.79   Downloading starlette-0.36.3-py3-none-any.whl (71 kB)
#22 53.93      ฮ“รถรผฮ“รถรผฮ“รถรผฮ“รถรผฮ“รถรผฮ“รถรผฮ“รถรผฮ“รถรผฮ“รถรผฮ“รถรผฮ“รถรผฮ“รถรผฮ“รถรผฮ“รถรผฮ“รถรผฮ“รถรผฮ“รถรผฮ“รถรผฮ“รถรผฮ“รถรผฮ“รถรผฮ“รถรผฮ“รถรผฮ“รถรผฮ“รถรผฮ“รถรผฮ“รถรผฮ“รถรผฮ“รถรผฮ“รถรผฮ“รถรผฮ“รถรผฮ“รถรผฮ“รถรผฮ“รถรผฮ“รถรผฮ“รถรผฮ“รถรผฮ“รถรผ 71.5/71.5 kB 716.0 kB/s eta 0:00:00
#22 54.09 Collecting typing-inspection==0.4.0
#22 54.21   Downloading typing_inspection-0.4.0-py3-none-any.whl (14 kB)
#22 54.43 Collecting typing_extensions==4.12.0
#22 54.55   Downloading typing_extensions-4.12.0-py3-none-any.whl (37 kB)
#22 54.90 Collecting uvicorn==0.29.0
#22 55.03   Downloading uvicorn-0.29.0-py3-none-any.whl (60 kB)
#22 55.06      ฮ“รถรผฮ“รถรผฮ“รถรผฮ“รถรผฮ“รถรผฮ“รถรผฮ“รถรผฮ“รถรผฮ“รถรผฮ“รถรผฮ“รถรผฮ“รถรผฮ“รถรผฮ“รถรผฮ“รถรผฮ“รถรผฮ“รถรผฮ“รถรผฮ“รถรผฮ“รถรผฮ“รถรผฮ“รถรผฮ“รถรผฮ“รถรผฮ“รถรผฮ“รถรผฮ“รถรผฮ“รถรผฮ“รถรผฮ“รถรผฮ“รถรผฮ“รถรผฮ“รถรผฮ“รถรผฮ“รถรผฮ“รถรผฮ“รถรผฮ“รถรผฮ“รถรผฮ“รถรผ 60.8/60.8 kB 3.3 MB/s eta 0:00:00
#22 55.30 Collecting exceptiongroup>=1.0.2
#22 55.41   Downloading exceptiongroup-1.3.1-py3-none-any.whl (16 kB)
#22 55.92 Collecting gunicorn>=20.1.0
#22 56.03   Downloading gunicorn-25.1.0-py3-none-any.whl (197 kB)
#22 56.18      ฮ“รถรผฮ“รถรผฮ“รถรผฮ“รถรผฮ“รถรผฮ“รถรผฮ“รถรผฮ“รถรผฮ“รถรผฮ“รถรผฮ“รถรผฮ“รถรผฮ“รถรผฮ“รถรผฮ“รถรผฮ“รถรผฮ“รถรผฮ“รถรผฮ“รถรผฮ“รถรผฮ“รถรผฮ“รถรผฮ“รถรผฮ“รถรผฮ“รถรผฮ“รถรผฮ“รถรผฮ“รถรผฮ“รถรผฮ“รถรผฮ“รถรผฮ“รถรผฮ“รถรผฮ“รถรผฮ“รถรผฮ“รถรผฮ“รถรผฮ“รถรผฮ“รถรผ 197.1/197.1 kB 1.3 MB/s eta 0:00:00
#22 56.39 Collecting mtcnn>=0.1.0
#22 56.51   Downloading mtcnn-1.0.0-py3-none-any.whl (1.9 MB)
#22 57.37      ฮ“รถรผฮ“รถรผฮ“รถรผฮ“รถรผฮ“รถรผฮ“รถรผฮ“รถรผฮ“รถรผฮ“รถรผฮ“รถรผฮ“รถรผฮ“รถรผฮ“รถรผฮ“รถรผฮ“รถรผฮ“รถรผฮ“รถรผฮ“รถรผฮ“รถรผฮ“รถรผฮ“รถรผฮ“รถรผฮ“รถรผฮ“รถรผฮ“รถรผฮ“รถรผฮ“รถรผฮ“รถรผฮ“รถรผฮ“รถรผฮ“รถรผฮ“รถรผฮ“รถรผฮ“รถรผฮ“รถรผฮ“รถรผฮ“รถรผฮ“รถรผฮ“รถรผฮ“รถรผ 1.9/1.9 MB 2.2 MB/s eta 0:00:00
#22 58.03 Collecting pandas>=0.23.4
#22 58.14   Downloading pandas-2.3.3-cp310-cp310-manylinux_2_24_x86_64.manylinux_2_28_x86_64.whl (12.8 MB)
#22 61.56      ฮ“รถรผฮ“รถรผฮ“รถรผฮ“รถรผฮ“รถรผฮ“รถรผฮ“รถรผฮ“รถรผฮ“รถรผฮ“รถรผฮ“รถรผฮ“รถรผฮ“รถรผฮ“รถรผฮ“รถรผฮ“รถรผฮ“รถรผฮ“รถรผฮ“รถรผฮ“รถรผฮ“รถรผฮ“รถรผฮ“รถรผฮ“รถรผฮ“รถรผฮ“รถรผฮ“รถรผฮ“รถรผฮ“รถรผฮ“รถรผฮ“รถรผฮ“รถรผฮ“รถรผฮ“รถรผฮ“รถรผฮ“รถรผฮ“รถรผฮ“รถรผฮ“รถรผฮ“รถรผ 12.8/12.8 MB 4.2 MB/s eta 0:00:00
#22 61.77 Collecting keras>=2.2.0
#22 61.87   Downloading keras-3.12.1-py3-none-any.whl (1.5 MB)
#22 62.13      ฮ“รถรผฮ“รถรผฮ“รถรผฮ“รถรผฮ“รถรผฮ“รถรผฮ“รถรผฮ“รถรผฮ“รถรผฮ“รถรผฮ“รถรผฮ“รถรผฮ“รถรผฮ“รถรผฮ“รถรผฮ“รถรผฮ“รถรผฮ“รถรผฮ“รถรผฮ“รถรผฮ“รถรผฮ“รถรผฮ“รถรผฮ“รถรผฮ“รถรผฮ“รถรผฮ“รถรผฮ“รถรผฮ“รถรผฮ“รถรผฮ“รถรผฮ“รถรผฮ“รถรผฮ“รถรผฮ“รถรผฮ“รถรผฮ“รถรผฮ“รถรผฮ“รถรผฮ“รถรผ 1.5/1.5 MB 5.7 MB/s eta 0:00:00
#22 62.35 Collecting retina-face>=0.0.1
#22 62.47   Downloading retina_face-0.0.17-py3-none-any.whl (25 kB)
#22 62.74 Collecting fire>=0.4.0
#22 62.87   Downloading fire-0.7.1-py3-none-any.whl (115 kB)
#22 62.97      ฮ“รถรผฮ“รถรผฮ“รถรผฮ“รถรผฮ“รถรผฮ“รถรผฮ“รถรผฮ“รถรผฮ“รถรผฮ“รถรผฮ“รถรผฮ“รถรผฮ“รถรผฮ“รถรผฮ“รถรผฮ“รถรผฮ“รถรผฮ“รถรผฮ“รถรผฮ“รถรผฮ“รถรผฮ“รถรผฮ“รถรผฮ“รถรผฮ“รถรผฮ“รถรผฮ“รถรผฮ“รถรผฮ“รถรผฮ“รถรผฮ“รถรผฮ“รถรผฮ“รถรผฮ“รถรผฮ“รถรผฮ“รถรผฮ“รถรผฮ“รถรผฮ“รถรผ 115.9/115.9 kB 1.6 MB/s eta 0:00:00
#22 63.21 Collecting gdown>=3.10.1
#22 63.32   Downloading gdown-5.2.1-py3-none-any.whl (18 kB)
#22 63.84 Collecting tensorflow>=1.9.0
#22 63.95   Downloading tensorflow-2.20.0-cp310-cp310-manylinux_2_17_x86_64.manylinux2014_x86_64.whl (620.4 MB)
#22 166.3      ฮ“รถรผฮ“รถรผฮ“รถรผฮ“รถรผฮ“รถรผฮ“รถรผฮ“รถรผฮ“รถรผฮ“รถรผฮ“รถรผฮ“รถรผฮ“รถรผฮ“รถรผฮ“รถรผฮ“รถรผฮ“รถรผฮ“รถรผฮ“รถรผฮ“รถรผฮ“รถรผฮ“รถรผฮ“รถรผฮ“รถรผฮ“รถรผฮ“รถรผฮ“รถรผฮ“รถรผฮ“รถรผฮ“รถรผฮ“รถรผฮ“รถรผฮ“รถรผฮ“รถรผฮ“รถรผฮ“รถรผฮ“รถรผฮ“รถรผฮ“รถรผ 620.4/620.4 MB 10.8 MB/s eta 0:00:00
#22 167.8 Collecting Flask>=1.1.2
#22 167.9   Downloading flask-3.1.2-py3-none-any.whl (103 kB)
#22 168.0      ฮ“รถรผฮ“รถรผฮ“รถรผฮ“รถรผฮ“รถรผฮ“รถรผฮ“รถรผฮ“รถรผฮ“รถรผฮ“รถรผฮ“รถรผฮ“รถรผฮ“รถรผฮ“รถรผฮ“รถรผฮ“รถรผฮ“รถรผฮ“รถรผฮ“รถรผฮ“รถรผฮ“รถรผฮ“รถรผฮ“รถรผฮ“รถรผฮ“รถรผฮ“รถรผฮ“รถรผฮ“รถรผฮ“รถรผฮ“รถรผฮ“รถรผฮ“รถรผฮ“รถรผฮ“รถรผฮ“รถรผฮ“รถรผฮ“รถรผฮ“รถรผฮ“รถรผ 103.3/103.3 kB 1.0 MB/s eta 0:00:00
#22 168.4 Collecting tqdm>=4.30.0
#22 168.8   Downloading tqdm-4.67.3-py3-none-any.whl (78 kB)
#22 169.5      ฮ“รถรผฮ“รถรผฮ“รถรผฮ“รถรผฮ“รถรผฮ“รถรผฮ“รถรผฮ“รถรผฮ“รถรผฮ“รถรผฮ“รถรผฮ“รถรผฮ“รถรผฮ“รถรผฮ“รถรผฮ“รถรผฮ“รถรผฮ“รถรผฮ“รถรผฮ“รถรผฮ“รถรผฮ“รถรผฮ“รถรผฮ“รถรผฮ“รถรผฮ“รถรผฮ“รถรผฮ“รถรผฮ“รถรผฮ“รถรผฮ“รถรผฮ“รถรผฮ“รถรผฮ“รถรผฮ“รถรผฮ“รถรผฮ“รถรผฮ“รถรผฮ“รถรผฮ“รถรผ 78.4/78.4 kB 9.3 MB/s eta 0:00:00
#22 170.5 Collecting tomli>=1
#22 170.7   Downloading tomli-2.4.0-py3-none-any.whl (14 kB)
#22 171.1 Collecting coverage[toml]>=5.2.1
#22 171.2   Downloading coverage-7.13.4-cp310-cp310-manylinux1_x86_64.manylinux_2_28_x86_64.manylinux_2_5_x86_64.whl (248 kB)
#22 171.8      ฮ“รถรผฮ“รถรผฮ“รถรผฮ“รถรผฮ“รถรผฮ“รถรผฮ“รถรผฮ“รถรผฮ“รถรผฮ“รถรผฮ“รถรผฮ“รถรผฮ“รถรผฮ“รถรผฮ“รถรผฮ“รถรผฮ“รถรผฮ“รถรผฮ“รถรผฮ“รถรผฮ“รถรผฮ“รถรผฮ“รถรผฮ“รถรผฮ“รถรผฮ“รถรผฮ“รถรผฮ“รถรผฮ“รถรผฮ“รถรผฮ“รถรผฮ“รถรผฮ“รถรผฮ“รถรผฮ“รถรผฮ“รถรผฮ“รถรผ 248.2/248.2 kB 592.6 kB/s eta 0:00:00
#22 173.3   Downloading coverage-7.13.3-cp310-cp310-manylinux1_x86_64.manylinux_2_28_x86_64.manylinux_2_5_x86_64.whl (248 kB)
#22 233.4      ฮ“รถรผฮ“รถรผฮ“รถรผฮ“รถรผฮ“รถรผฮ“รถรผฮ“รถรผฮ“รฒโ••                                 49.2/248.2 kB ? eta -:--:--
#22 233.4 ERROR: THESE PACKAGES DO NOT MATCH THE HASHES FROM THE REQUIREMENTS FILE. If you have updated the package versions, please update the hashes. Otherwise, examine the package contents carefully; someone may have tampered with them.
#22 233.4     coverage[toml]>=5.2.1 from https://files.pythonhosted.org/packages/f3/68/d9766c4e298aca62ea5d9543e1dd1e4e1439d7284815244d8b7db1840bfb/coverage-7.13.3-cp310-cp310-manylinux1_x86_64.manylinux_2_28_x86_64.manylinux_2_5_x86_64.whl (from pytest-cov==5.0.0->-r requirements.txt (line 33)):
#22 233.4         Expected sha256 fc970575799a9d17d5c3fafd83a0f6ccf5d5117cdc9ad6fbd791e9ead82418b0
#22 233.4              Got        7c97ebd9fde50e904ff830ec99e626ce830ed4a0db18fd4adb3842084a307961
#22 233.4 
#22 234.0 
#22 234.0 [notice] A new release of pip is available: 23.0.1 -> 26.0.1
#22 234.0 [notice] To update, run: pip install --upgrade pip
#22 ERROR: process "/bin/sh -c pip install --default-timeout=100 --no-cache-dir -r requirements.txt" did not complete successfully: exit code: 1
------
 > [backend 5/6] RUN pip install --default-timeout=100 --no-cache-dir -r requirements.txt:
173.3   Downloading coverage-7.13.3-cp310-cp310-manylinux1_x86_64.manylinux_2_28_x86_64.manylinux_2_5_x86_64.whl (248 kB)

233.4 ERROR: THESE PACKAGES DO NOT MATCH THE HASHES FROM THE REQUIREMENTS FILE. If you have updated the package versions, please update the hashes. Otherwise, examine the package contents carefully; someone may have tampered with them.
233.4     coverage[toml]>=5.2.1 from https://files.pythonhosted.org/packages/f3/68/d9766c4e298aca62ea5d9543e1dd1e4e1439d7284815244d8b7db1840bfb/coverage-7.13.3-cp310-cp310-manylinux1_x86_64.manylinux_2_28_x86_64.manylinux_2_5_x86_64.whl (from pytest-cov==5.0.0->-r requirements.txt (line 33)):
233.4         Expected sha256 fc970575799a9d17d5c3fafd83a0f6ccf5d5117cdc9ad6fbd791e9ead82418b0
233.4              Got        7c97ebd9fde50e904ff830ec99e626ce830ed4a0db18fd4adb3842084a307961
233.4 
234.0 
234.0 [notice] A new release of pip is available: 23.0.1 -> 26.0.1
234.0 [notice] To update, run: pip install --upgrade pip
------
Dockerfile:21

--------------------

  19 |     

  20 |     # Install the Python dependencies

  21 | >>> RUN pip install --default-timeout=100 --no-cache-dir -r requirements.txt

  22 |     

  23 |     # Copy all backend source code into the container

--------------------

target backend: failed to solve: process "/bin/sh -c pip install --default-timeout=100 --no-cache-dir -r requirements.txt" did not complete successfully: exit code: 1



View build details: docker-desktop://dashboard/build/default/default/o8wehi1q35051uzwfl7zc7181

